  [1m[36mSQL (0.3ms)[0m  [1m SELECT name
 FROM sqlite_master
 WHERE type = 'table' AND NOT name = 'sqlite_sequence'
[0m
  [1m[35mSQL (0.1ms)[0m  select sqlite_version(*)
  [1m[36mSQL (1.6ms)[0m  [1mCREATE TABLE "schema_migrations" ("version" varchar(255) NOT NULL) [0m
  [1m[35mSQL (0.0ms)[0m  PRAGMA index_list("schema_migrations")
  [1m[36mSQL (1.8ms)[0m  [1mCREATE UNIQUE INDEX "unique_schema_migrations" ON "schema_migrations" ("version")[0m
  [1m[35mSQL (0.1ms)[0m   SELECT name
 FROM sqlite_master
 WHERE type = 'table' AND NOT name = 'sqlite_sequence'
  [1m[36mSQL (0.1ms)[0m  [1m SELECT name
 FROM sqlite_master
 WHERE type = 'table' AND NOT name = 'sqlite_sequence'
[0m
  [1m[35mSQL (0.1ms)[0m  SELECT "schema_migrations"."version" FROM "schema_migrations"
Migrating to DeviseCreateUsers (20110429173045)
  [1m[36mSQL (0.4ms)[0m  [1mCREATE TABLE "users" ("id" INTEGER PRIMARY KEY AUTOINCREMENT NOT NULL, "email" varchar(255) DEFAULT '' NOT NULL, "encrypted_password" varchar(128) DEFAULT '' NOT NULL, "reset_password_token" varchar(255), "reset_password_sent_at" datetime, "remember_created_at" datetime, "sign_in_count" integer DEFAULT 0, "current_sign_in_at" datetime, "last_sign_in_at" datetime, "current_sign_in_ip" varchar(255), "last_sign_in_ip" varchar(255), "created_at" datetime, "updated_at" datetime) [0m
  [1m[35mSQL (0.0ms)[0m  PRAGMA index_list("users")
  [1m[36mSQL (0.3ms)[0m  [1mCREATE UNIQUE INDEX "index_users_on_email" ON "users" ("email")[0m
  [1m[35mSQL (0.1ms)[0m  PRAGMA index_list("users")
  [1m[36mSQL (0.0ms)[0m  [1mPRAGMA index_info('index_users_on_email')[0m
  [1m[35mSQL (0.1ms)[0m  CREATE UNIQUE INDEX "index_users_on_reset_password_token" ON "users" ("reset_password_token")
  [1m[36mSQL (0.1ms)[0m  [1mINSERT INTO "schema_migrations" ("version") VALUES ('20110429173045')[0m
Migrating to AddNameToUsers (20110429173047)
  [1m[35mSQL (0.3ms)[0m  ALTER TABLE "users" ADD "name" varchar(255)
  [1m[36mSQL (0.1ms)[0m  [1mINSERT INTO "schema_migrations" ("version") VALUES ('20110429173047')[0m
  [1m[35mSQL (0.2ms)[0m   SELECT name
 FROM sqlite_master
 WHERE type = 'table' AND NOT name = 'sqlite_sequence'
  [1m[36mSQL (0.1ms)[0m  [1mSELECT "schema_migrations"."version" FROM "schema_migrations"[0m
  [1m[35mSQL (0.1ms)[0m   SELECT name
 FROM sqlite_master
 WHERE type = 'table' AND NOT name = 'sqlite_sequence'
  [1m[36mSQL (0.1ms)[0m  [1mPRAGMA index_list("users")[0m
  [1m[35mSQL (0.0ms)[0m  PRAGMA index_info('index_users_on_reset_password_token')
  [1m[36mSQL (0.0ms)[0m  [1mPRAGMA index_info('index_users_on_email')[0m
  [1m[36mSQL (0.5ms)[0m  [1m SELECT name
 FROM sqlite_master
 WHERE type = 'table' AND NOT name = 'sqlite_sequence'
[0m
  [1m[35mSQL (0.1ms)[0m   SELECT name
 FROM sqlite_master
 WHERE type = 'table' AND NOT name = 'sqlite_sequence'
  [1m[36mSQL (0.1ms)[0m  [1mSELECT "schema_migrations"."version" FROM "schema_migrations"[0m
  [1m[35mSQL (0.1ms)[0m  SELECT 1 FROM "users" WHERE ("users"."email" = 'user@test.com') LIMIT 1
  [1m[36mAREL (0.4ms)[0m  [1mINSERT INTO "users" ("last_sign_in_ip", "reset_password_token", "encrypted_password", "current_sign_in_ip", "last_sign_in_at", "name", "remember_created_at", "updated_at", "created_at", "reset_password_sent_at", "current_sign_in_at", "email", "sign_in_count") VALUES (NULL, NULL, '$2a$10$neuKRAr.VfHPfk4DHSGgnu26NxGD4Pjn4sTpj9GtCj47HwaVOk0LW', NULL, NULL, 'First User', NULL, '2011-04-29 17:30:55.979752', '2011-04-29 17:30:55.979752', NULL, NULL, 'user@test.com', 0)[0m
  [1m[36mSQL (0.5ms)[0m  [1m SELECT name
 FROM sqlite_master
 WHERE type = 'table' AND NOT name = 'sqlite_sequence'
[0m
  [1m[35mSQL (0.1ms)[0m   SELECT name
 FROM sqlite_master
 WHERE type = 'table' AND NOT name = 'sqlite_sequence'
  [1m[36mSQL (0.1ms)[0m  [1mSELECT "schema_migrations"."version" FROM "schema_migrations"[0m
  [1m[35mSQL (0.1ms)[0m  select sqlite_version(*)
  [1m[36mSQL (0.1ms)[0m  [1m SELECT name
 FROM sqlite_master
 WHERE type = 'table' AND NOT name = 'sqlite_sequence'
[0m
  [1m[35mSQL (1.8ms)[0m  CREATE TABLE "users" ("id" INTEGER PRIMARY KEY AUTOINCREMENT NOT NULL, "email" varchar(255) DEFAULT '' NOT NULL, "encrypted_password" varchar(128) DEFAULT '' NOT NULL, "reset_password_token" varchar(255), "reset_password_sent_at" datetime, "remember_created_at" datetime, "sign_in_count" integer DEFAULT 0, "current_sign_in_at" datetime, "last_sign_in_at" datetime, "current_sign_in_ip" varchar(255), "last_sign_in_ip" varchar(255), "created_at" datetime, "updated_at" datetime, "name" varchar(255)) 
  [1m[36mSQL (0.0ms)[0m  [1mPRAGMA index_list("users")[0m
  [1m[35mSQL (1.7ms)[0m  CREATE UNIQUE INDEX "index_users_on_email" ON "users" ("email")
  [1m[36mSQL (0.1ms)[0m  [1mPRAGMA index_list("users")[0m
  [1m[35mSQL (0.0ms)[0m  PRAGMA index_info('index_users_on_email')
  [1m[36mSQL (1.7ms)[0m  [1mCREATE UNIQUE INDEX "index_users_on_reset_password_token" ON "users" ("reset_password_token")[0m
  [1m[35mSQL (0.1ms)[0m   SELECT name
 FROM sqlite_master
 WHERE type = 'table' AND NOT name = 'sqlite_sequence'
  [1m[36mSQL (1.7ms)[0m  [1mCREATE TABLE "schema_migrations" ("version" varchar(255) NOT NULL) [0m
  [1m[35mSQL (0.0ms)[0m  PRAGMA index_list("schema_migrations")
  [1m[36mSQL (3.0ms)[0m  [1mCREATE UNIQUE INDEX "unique_schema_migrations" ON "schema_migrations" ("version")[0m
  [1m[35mSQL (0.1ms)[0m   SELECT name
 FROM sqlite_master
 WHERE type = 'table' AND NOT name = 'sqlite_sequence'
  [1m[36mSQL (0.1ms)[0m  [1mSELECT version FROM "schema_migrations"[0m
  [1m[35mSQL (1.7ms)[0m  INSERT INTO "schema_migrations" (version) VALUES ('20110429173047')
  [1m[36mSQL (1.7ms)[0m  [1mINSERT INTO "schema_migrations" (version) VALUES ('20110429173045')[0m
  [1m[36mSQL (0.5ms)[0m  [1m SELECT name
 FROM sqlite_master
 WHERE type = 'table' AND NOT name = 'sqlite_sequence'
[0m
  [1m[35mSQL (0.1ms)[0m   SELECT name
 FROM sqlite_master
 WHERE type = 'table' AND NOT name = 'sqlite_sequence'
  [1m[36mSQL (0.1ms)[0m  [1mSELECT "schema_migrations"."version" FROM "schema_migrations"[0m
  [1m[35mSQL (0.1ms)[0m  select sqlite_version(*)
  [1m[36mSQL (0.1ms)[0m  [1m SELECT name
 FROM sqlite_master
 WHERE type = 'table' AND NOT name = 'sqlite_sequence'
[0m
  [1m[35mSQL (2.1ms)[0m  CREATE TABLE "users" ("id" INTEGER PRIMARY KEY AUTOINCREMENT NOT NULL, "email" varchar(255) DEFAULT '' NOT NULL, "encrypted_password" varchar(128) DEFAULT '' NOT NULL, "reset_password_token" varchar(255), "reset_password_sent_at" datetime, "remember_created_at" datetime, "sign_in_count" integer DEFAULT 0, "current_sign_in_at" datetime, "last_sign_in_at" datetime, "current_sign_in_ip" varchar(255), "last_sign_in_ip" varchar(255), "created_at" datetime, "updated_at" datetime, "name" varchar(255)) 
  [1m[36mSQL (0.0ms)[0m  [1mPRAGMA index_list("users")[0m
  [1m[35mSQL (1.7ms)[0m  CREATE UNIQUE INDEX "index_users_on_email" ON "users" ("email")
  [1m[36mSQL (0.1ms)[0m  [1mPRAGMA index_list("users")[0m
  [1m[35mSQL (0.0ms)[0m  PRAGMA index_info('index_users_on_email')
  [1m[36mSQL (1.6ms)[0m  [1mCREATE UNIQUE INDEX "index_users_on_reset_password_token" ON "users" ("reset_password_token")[0m
  [1m[35mSQL (0.1ms)[0m   SELECT name
 FROM sqlite_master
 WHERE type = 'table' AND NOT name = 'sqlite_sequence'
  [1m[36mSQL (1.6ms)[0m  [1mCREATE TABLE "schema_migrations" ("version" varchar(255) NOT NULL) [0m
  [1m[35mSQL (0.0ms)[0m  PRAGMA index_list("schema_migrations")
  [1m[36mSQL (2.7ms)[0m  [1mCREATE UNIQUE INDEX "unique_schema_migrations" ON "schema_migrations" ("version")[0m
  [1m[35mSQL (0.1ms)[0m   SELECT name
 FROM sqlite_master
 WHERE type = 'table' AND NOT name = 'sqlite_sequence'
  [1m[36mSQL (0.1ms)[0m  [1mSELECT version FROM "schema_migrations"[0m
  [1m[35mSQL (1.6ms)[0m  INSERT INTO "schema_migrations" (version) VALUES ('20110429173047')
  [1m[36mSQL (1.6ms)[0m  [1mINSERT INTO "schema_migrations" (version) VALUES ('20110429173045')[0m


Started GET "/" for 127.0.0.1 at Fri Apr 29 19:40:39 +0200 2011
  Processing by HomeController#index as HTML
  [1m[36mUser Load (0.5ms)[0m  [1mSELECT "users".* FROM "users"[0m
Rendered devise/menu/_registration_items.html.erb (0.8ms)
Rendered devise/menu/_login_items.html.erb (0.6ms)
Rendered home/index.html.erb within layouts/application (68.5ms)
Completed 200 OK in 108ms (Views: 91.2ms | ActiveRecord: 0.5ms)


Started GET "/users/1" for 127.0.0.1 at Fri Apr 29 19:40:47 +0200 2011
  Processing by UsersController#show as HTML
  Parameters: {"id"=>"1"}
Completed   in 5ms


Started GET "/users/sign_in" for 127.0.0.1 at Fri Apr 29 19:40:47 +0200 2011
  Processing by Devise::SessionsController#new as HTML
Rendered devise/shared/_links.erb (1.3ms)
Rendered devise/menu/_registration_items.html.erb (0.7ms)
Rendered devise/menu/_login_items.html.erb (0.6ms)
Rendered devise/sessions/new.html.erb within layouts/application (11.6ms)
Completed 200 OK in 40ms (Views: 26.3ms | ActiveRecord: 0.0ms)


Started GET "/users/sign_up" for 127.0.0.1 at Fri Apr 29 19:41:01 +0200 2011
  Processing by Devise::RegistrationsController#new as HTML
Rendered devise/shared/_links.erb (1.4ms)
Rendered devise/menu/_registration_items.html.erb (0.7ms)
Rendered devise/menu/_login_items.html.erb (0.6ms)
Rendered devise/registrations/new.html.erb within layouts/application (26.5ms)
Completed 200 OK in 90ms (Views: 31.5ms | ActiveRecord: 0.0ms)


Started POST "/users" for 127.0.0.1 at Fri Apr 29 19:41:37 +0200 2011
  Processing by Devise::RegistrationsController#create as HTML
  Parameters: {"commit"=>"Sign up", "authenticity_token"=>"SbA0R4Gy5h1fLNuwWVEUNWoqlvMiOnze/yWRHvQEv/8=", "utf8"=>"✓", "user"=>{"name"=>"Pepe", "password_confirmation"=>"[FILTERED]", "password"=>"[FILTERED]", "email"=>"pepe@zubi.net"}}
  [1m[35mSQL (0.1ms)[0m  SELECT 1 FROM "users" WHERE ("users"."email" = 'pepe@zubi.net') LIMIT 1
  [1m[36mSQL (0.1ms)[0m  [1m SELECT name
 FROM sqlite_master
 WHERE type = 'table' AND NOT name = 'sqlite_sequence'
[0m
  [1m[35mAREL (8.7ms)[0m  INSERT INTO "users" ("current_sign_in_at", "name", "last_sign_in_at", "email", "sign_in_count", "last_sign_in_ip", "encrypted_password", "remember_created_at", "current_sign_in_ip", "reset_password_sent_at", "created_at", "reset_password_token", "updated_at") VALUES (NULL, 'Pepe', NULL, 'pepe@zubi.net', 0, NULL, '$2a$10$TGp0h7Xk2.Utn526lQ1l6OpOvp2/TLTv1tq4Ud4QpdqpyAkNH.fPK', NULL, NULL, NULL, '2011-04-29 17:41:37.295885', NULL, '2011-04-29 17:41:37.295885')
  [1m[36mAREL (0.2ms)[0m  [1mUPDATE "users" SET "current_sign_in_at" = '2011-04-29 17:41:37.310334', "last_sign_in_at" = '2011-04-29 17:41:37.310334', "sign_in_count" = 1, "last_sign_in_ip" = '127.0.0.1', "current_sign_in_ip" = '127.0.0.1', "updated_at" = '2011-04-29 17:41:37.310684' WHERE "users"."id" = 2[0m
Redirected to http://localhost:3000/users/1
Completed 302 Found in 419ms


Started GET "/users/1" for 127.0.0.1 at Fri Apr 29 19:41:37 +0200 2011
  Processing by UsersController#show as HTML
  Parameters: {"id"=>"1"}
  [1m[35mUser Load (0.2ms)[0m  SELECT "users".* FROM "users" WHERE "users"."id" = 2 LIMIT 1
  [1m[36mUser Load (0.2ms)[0m  [1mSELECT "users".* FROM "users" WHERE "users"."id" = 1 LIMIT 1[0m
Rendered devise/menu/_registration_items.html.erb (0.6ms)
Rendered devise/menu/_login_items.html.erb (0.5ms)
Rendered users/show.html.erb within layouts/application (5.2ms)
Completed 200 OK in 288ms (Views: 11.2ms | ActiveRecord: 0.5ms)


Started GET "/users/edit" for 127.0.0.1 at Fri Apr 29 19:41:53 +0200 2011
  Processing by Devise::RegistrationsController#edit as HTML
  [1m[35mUser Load (0.2ms)[0m  SELECT "users".* FROM "users" WHERE "users"."id" = 2 LIMIT 1
  [1m[36mCACHE (0.0ms)[0m  [1mSELECT "users".* FROM "users" WHERE "users"."id" = 2 LIMIT 1[0m
Rendered devise/menu/_registration_items.html.erb (0.5ms)
Rendered devise/menu/_login_items.html.erb (0.5ms)
Rendered devise/registrations/edit.html.erb within layouts/application (9.1ms)
Completed 200 OK in 89ms (Views: 14.6ms | ActiveRecord: 0.2ms)


Started GET "/users/1" for 127.0.0.1 at Fri Apr 29 19:42:03 +0200 2011
  Processing by UsersController#show as HTML
  Parameters: {"id"=>"1"}
  [1m[35mUser Load (0.2ms)[0m  SELECT "users".* FROM "users" WHERE "users"."id" = 2 LIMIT 1
  [1m[36mUser Load (0.3ms)[0m  [1mSELECT "users".* FROM "users" WHERE "users"."id" = 1 LIMIT 1[0m
Rendered devise/menu/_registration_items.html.erb (0.6ms)
Rendered devise/menu/_login_items.html.erb (0.5ms)
Rendered users/show.html.erb within layouts/application (4.9ms)
Completed 200 OK in 79ms (Views: 9.5ms | ActiveRecord: 0.4ms)


Started GET "/users/sign_out" for 127.0.0.1 at Fri Apr 29 19:42:11 +0200 2011
  Processing by Devise::SessionsController#destroy as HTML
  [1m[35mUser Load (0.2ms)[0m  SELECT "users".* FROM "users" WHERE "users"."id" = 2 LIMIT 1
Redirected to http://localhost:3000/
Completed 302 Found in 71ms


Started GET "/" for 127.0.0.1 at Fri Apr 29 19:42:11 +0200 2011
  Processing by HomeController#index as HTML
  [1m[36mUser Load (0.4ms)[0m  [1mSELECT "users".* FROM "users"[0m
Rendered devise/menu/_registration_items.html.erb (0.7ms)
Rendered devise/menu/_login_items.html.erb (0.6ms)
Rendered home/index.html.erb within layouts/application (16.8ms)
Completed 200 OK in 55ms (Views: 21.7ms | ActiveRecord: 0.4ms)


Started GET "/users/sign_in" for 127.0.0.1 at Fri Apr 29 19:47:28 +0200 2011
  Processing by Devise::SessionsController#new as HTML
Rendered devise/shared/_links.erb (1.2ms)
Rendered devise/menu/_registration_items.html.erb (0.7ms)
Rendered devise/menu/_login_items.html.erb (0.6ms)
Rendered devise/sessions/new.html.erb within layouts/application (13.5ms)
Completed 200 OK in 77ms (Views: 18.9ms | ActiveRecord: 0.0ms)
  [1m[36mSQL (0.5ms)[0m  [1m SELECT name
 FROM sqlite_master
 WHERE type = 'table' AND NOT name = 'sqlite_sequence'
[0m
  [1m[35mSQL (0.1ms)[0m   SELECT name
 FROM sqlite_master
 WHERE type = 'table' AND NOT name = 'sqlite_sequence'
  [1m[36mSQL (0.1ms)[0m  [1mSELECT "schema_migrations"."version" FROM "schema_migrations"[0m
  [1m[35mSQL (0.1ms)[0m  select sqlite_version(*)
  [1m[36mSQL (0.1ms)[0m  [1m SELECT name
 FROM sqlite_master
 WHERE type = 'table' AND NOT name = 'sqlite_sequence'
[0m
  [1m[35mSQL (1.9ms)[0m  CREATE TABLE "users" ("id" INTEGER PRIMARY KEY AUTOINCREMENT NOT NULL, "email" varchar(255) DEFAULT '' NOT NULL, "encrypted_password" varchar(128) DEFAULT '' NOT NULL, "reset_password_token" varchar(255), "reset_password_sent_at" datetime, "remember_created_at" datetime, "sign_in_count" integer DEFAULT 0, "current_sign_in_at" datetime, "last_sign_in_at" datetime, "current_sign_in_ip" varchar(255), "last_sign_in_ip" varchar(255), "created_at" datetime, "updated_at" datetime, "name" varchar(255)) 
  [1m[36mSQL (0.0ms)[0m  [1mPRAGMA index_list("users")[0m
  [1m[35mSQL (1.8ms)[0m  CREATE UNIQUE INDEX "index_users_on_email" ON "users" ("email")
  [1m[36mSQL (0.1ms)[0m  [1mPRAGMA index_list("users")[0m
  [1m[35mSQL (0.0ms)[0m  PRAGMA index_info('index_users_on_email')
  [1m[36mSQL (1.9ms)[0m  [1mCREATE UNIQUE INDEX "index_users_on_reset_password_token" ON "users" ("reset_password_token")[0m
  [1m[35mSQL (0.1ms)[0m   SELECT name
 FROM sqlite_master
 WHERE type = 'table' AND NOT name = 'sqlite_sequence'
  [1m[36mSQL (1.7ms)[0m  [1mCREATE TABLE "schema_migrations" ("version" varchar(255) NOT NULL) [0m
  [1m[35mSQL (0.0ms)[0m  PRAGMA index_list("schema_migrations")
  [1m[36mSQL (1.8ms)[0m  [1mCREATE UNIQUE INDEX "unique_schema_migrations" ON "schema_migrations" ("version")[0m
  [1m[35mSQL (0.1ms)[0m   SELECT name
 FROM sqlite_master
 WHERE type = 'table' AND NOT name = 'sqlite_sequence'
  [1m[36mSQL (0.1ms)[0m  [1mSELECT version FROM "schema_migrations"[0m
  [1m[35mSQL (1.7ms)[0m  INSERT INTO "schema_migrations" (version) VALUES ('20110429173047')
  [1m[36mSQL (1.7ms)[0m  [1mINSERT INTO "schema_migrations" (version) VALUES ('20110429173045')[0m


Started GET "/" for 127.0.0.1 at Sat Apr 30 11:48:28 +0200 2011
  Processing by HomeController#index as HTML
  [1m[36mUser Load (2.8ms)[0m  [1mSELECT "users".* FROM "users"[0m
Rendered devise/menu/_registration_items.html.erb (0.8ms)
Rendered devise/menu/_login_items.html.erb (0.5ms)
Rendered home/index.html.erb within layouts/application (76.3ms)
Completed 200 OK in 133ms (Views: 108.2ms | ActiveRecord: 2.8ms)


Started GET "/users/2" for 127.0.0.1 at Sat Apr 30 11:48:34 +0200 2011
  Processing by UsersController#show as HTML
  Parameters: {"id"=>"2"}
Completed   in 6ms


Started GET "/users/sign_in" for 127.0.0.1 at Sat Apr 30 11:48:34 +0200 2011
  Processing by Devise::SessionsController#new as HTML
Rendered devise/shared/_links.erb (1.4ms)
Rendered devise/menu/_registration_items.html.erb (1.3ms)
Rendered devise/menu/_login_items.html.erb (0.6ms)
Rendered devise/sessions/new.html.erb within layouts/application (12.3ms)
Completed 200 OK in 32ms (Views: 18.1ms | ActiveRecord: 0.0ms)


Started POST "/users/sign_in" for 127.0.0.1 at Sat Apr 30 11:49:17 +0200 2011
  Processing by Devise::SessionsController#create as HTML
  Parameters: {"commit"=>"Sign in", "authenticity_token"=>"WKQ4CinA/4TPSDy77COOZgFYo8dFkSHNjYlCZ7MaH2w=", "utf8"=>"✓", "user"=>{"remember_me"=>"0", "password"=>"[FILTERED]", "email"=>"pepe@zubi.net"}}
  [1m[35mSQL (0.4ms)[0m   SELECT name
 FROM sqlite_master
 WHERE type = 'table' AND NOT name = 'sqlite_sequence'
  [1m[36mUser Load (0.2ms)[0m  [1mSELECT "users".* FROM "users" WHERE "users"."email" = 'pepe@zubi.net' LIMIT 1[0m
  [1m[35mAREL (0.4ms)[0m  UPDATE "users" SET "updated_at" = '2011-04-30 09:49:18.176223', "current_sign_in_at" = '2011-04-30 09:49:18.175708', "sign_in_count" = 2 WHERE "users"."id" = 2
Redirected to http://localhost:3000/users/2
Completed 302 Found in 248ms


Started GET "/users/2" for 127.0.0.1 at Sat Apr 30 11:49:18 +0200 2011
  Processing by UsersController#show as HTML
  Parameters: {"id"=>"2"}
  [1m[36mUser Load (0.2ms)[0m  [1mSELECT "users".* FROM "users" WHERE "users"."id" = 2 LIMIT 1[0m
  [1m[35mCACHE (0.0ms)[0m  SELECT "users".* FROM "users" WHERE "users"."id" = 2 LIMIT 1
Rendered devise/menu/_registration_items.html.erb (0.6ms)
Rendered devise/menu/_login_items.html.erb (0.5ms)
Rendered users/show.html.erb within layouts/application (4.7ms)
Completed 200 OK in 98ms (Views: 35.1ms | ActiveRecord: 0.2ms)
  [1m[36mSQL (0.5ms)[0m  [1m SELECT name
 FROM sqlite_master
 WHERE type = 'table' AND NOT name = 'sqlite_sequence'
[0m
  [1m[35mSQL (0.1ms)[0m   SELECT name
 FROM sqlite_master
 WHERE type = 'table' AND NOT name = 'sqlite_sequence'
  [1m[36mSQL (0.1ms)[0m  [1mSELECT "schema_migrations"."version" FROM "schema_migrations"[0m
  [1m[35mSQL (0.1ms)[0m  select sqlite_version(*)
  [1m[36mSQL (0.2ms)[0m  [1m SELECT name
 FROM sqlite_master
 WHERE type = 'table' AND NOT name = 'sqlite_sequence'
[0m
  [1m[35mSQL (2.2ms)[0m  CREATE TABLE "users" ("id" INTEGER PRIMARY KEY AUTOINCREMENT NOT NULL, "email" varchar(255) DEFAULT '' NOT NULL, "encrypted_password" varchar(128) DEFAULT '' NOT NULL, "reset_password_token" varchar(255), "reset_password_sent_at" datetime, "remember_created_at" datetime, "sign_in_count" integer DEFAULT 0, "current_sign_in_at" datetime, "last_sign_in_at" datetime, "current_sign_in_ip" varchar(255), "last_sign_in_ip" varchar(255), "created_at" datetime, "updated_at" datetime, "name" varchar(255)) 
  [1m[36mSQL (0.0ms)[0m  [1mPRAGMA index_list("users")[0m
  [1m[35mSQL (1.9ms)[0m  CREATE UNIQUE INDEX "index_users_on_email" ON "users" ("email")
  [1m[36mSQL (0.1ms)[0m  [1mPRAGMA index_list("users")[0m
  [1m[35mSQL (0.0ms)[0m  PRAGMA index_info('index_users_on_email')
  [1m[36mSQL (1.9ms)[0m  [1mCREATE UNIQUE INDEX "index_users_on_reset_password_token" ON "users" ("reset_password_token")[0m
  [1m[35mSQL (0.1ms)[0m   SELECT name
 FROM sqlite_master
 WHERE type = 'table' AND NOT name = 'sqlite_sequence'
  [1m[36mSQL (1.9ms)[0m  [1mCREATE TABLE "schema_migrations" ("version" varchar(255) NOT NULL) [0m
  [1m[35mSQL (0.0ms)[0m  PRAGMA index_list("schema_migrations")
  [1m[36mSQL (1.9ms)[0m  [1mCREATE UNIQUE INDEX "unique_schema_migrations" ON "schema_migrations" ("version")[0m
  [1m[35mSQL (0.1ms)[0m   SELECT name
 FROM sqlite_master
 WHERE type = 'table' AND NOT name = 'sqlite_sequence'
  [1m[36mSQL (0.1ms)[0m  [1mSELECT version FROM "schema_migrations"[0m
  [1m[35mSQL (1.8ms)[0m  INSERT INTO "schema_migrations" (version) VALUES ('20110429173047')
  [1m[36mSQL (1.9ms)[0m  [1mINSERT INTO "schema_migrations" (version) VALUES ('20110429173045')[0m
  [1m[36mSQL (0.5ms)[0m  [1m SELECT name
 FROM sqlite_master
 WHERE type = 'table' AND NOT name = 'sqlite_sequence'
[0m
  [1m[35mSQL (0.2ms)[0m   SELECT name
 FROM sqlite_master
 WHERE type = 'table' AND NOT name = 'sqlite_sequence'
  [1m[36mSQL (0.1ms)[0m  [1mSELECT "schema_migrations"."version" FROM "schema_migrations"[0m
Migrating to CreatePatients (20110428094052)
Migrating to CreateCommunes (20110428094140)
Migrating to CreateVillages (20110428094213)
Migrating to DeviseCreateUsers (20110429173045)
  [1m[35mSQL (0.0ms)[0m  select sqlite_version(*)
  [1m[36mSQL (0.5ms)[0m  [1mCREATE TABLE "users" ("id" INTEGER PRIMARY KEY AUTOINCREMENT NOT NULL, "email" varchar(255) DEFAULT '' NOT NULL, "encrypted_password" varchar(128) DEFAULT '' NOT NULL, "reset_password_token" varchar(255), "reset_password_sent_at" datetime, "remember_created_at" datetime, "sign_in_count" integer DEFAULT 0, "current_sign_in_at" datetime, "last_sign_in_at" datetime, "current_sign_in_ip" varchar(255), "last_sign_in_ip" varchar(255), "created_at" datetime, "updated_at" datetime) [0m
  [1m[35mSQL (0.0ms)[0m  PRAGMA index_list("users")
  [1m[36mSQL (0.3ms)[0m  [1mCREATE UNIQUE INDEX "index_users_on_email" ON "users" ("email")[0m
  [1m[35mSQL (0.1ms)[0m  PRAGMA index_list("users")
  [1m[36mSQL (0.0ms)[0m  [1mPRAGMA index_info('index_users_on_email')[0m
  [1m[35mSQL (0.1ms)[0m  CREATE UNIQUE INDEX "index_users_on_reset_password_token" ON "users" ("reset_password_token")
  [1m[36mSQL (0.1ms)[0m  [1mINSERT INTO "schema_migrations" ("version") VALUES ('20110429173045')[0m
Migrating to AddNameToUsers (20110429173047)
  [1m[35mSQL (0.3ms)[0m  ALTER TABLE "users" ADD "name" varchar(255)
  [1m[36mSQL (0.1ms)[0m  [1mINSERT INTO "schema_migrations" ("version") VALUES ('20110429173047')[0m
  [1m[35mSQL (0.2ms)[0m   SELECT name
 FROM sqlite_master
 WHERE type = 'table' AND NOT name = 'sqlite_sequence'
  [1m[36mSQL (0.1ms)[0m  [1mSELECT "schema_migrations"."version" FROM "schema_migrations"[0m
  [1m[35mSQL (0.1ms)[0m   SELECT name
 FROM sqlite_master
 WHERE type = 'table' AND NOT name = 'sqlite_sequence'
  [1m[36mSQL (0.0ms)[0m  [1mPRAGMA index_list("communes")[0m
  [1m[35mSQL (0.0ms)[0m  PRAGMA index_list("patients")
  [1m[36mSQL (0.1ms)[0m  [1mPRAGMA index_list("users")[0m
  [1m[35mSQL (0.0ms)[0m  PRAGMA index_info('index_users_on_reset_password_token')
  [1m[36mSQL (0.0ms)[0m  [1mPRAGMA index_info('index_users_on_email')[0m
  [1m[35mSQL (0.0ms)[0m  PRAGMA index_list("villages")
  [1m[36mSQL (0.5ms)[0m  [1m SELECT name
 FROM sqlite_master
 WHERE type = 'table' AND NOT name = 'sqlite_sequence'
[0m
  [1m[35mSQL (0.1ms)[0m   SELECT name
 FROM sqlite_master
 WHERE type = 'table' AND NOT name = 'sqlite_sequence'
  [1m[36mSQL (0.1ms)[0m  [1mSELECT "schema_migrations"."version" FROM "schema_migrations"[0m
  [1m[35mSQL (0.1ms)[0m  SELECT 1 FROM "users" WHERE ("users"."email" = 'user@test.com') LIMIT 1
  [1m[36mAREL (0.4ms)[0m  [1mINSERT INTO "users" ("reset_password_sent_at", "current_sign_in_ip", "updated_at", "created_at", "remember_created_at", "email", "sign_in_count", "last_sign_in_at", "reset_password_token", "encrypted_password", "name", "current_sign_in_at", "last_sign_in_ip") VALUES (NULL, NULL, '2011-04-30 10:15:26.139127', '2011-04-30 10:15:26.139127', NULL, 'user@test.com', 0, NULL, NULL, '$2a$10$8f6.MaDWea2VvXUhQT3xQe2jH1JFs.W8zjXW5.r0Auu8SpPvqfH6y', 'First User', NULL, NULL)[0m


Started GET "/" for 127.0.0.1 at Sat Apr 30 12:15:50 +0200 2011
  Processing by HomeController#index as HTML
  [1m[36mUser Load (0.7ms)[0m  [1mSELECT "users".* FROM "users"[0m
Rendered home/index.html.erb within layouts/application (15.3ms)
Completed 200 OK in 87ms (Views: 22.0ms | ActiveRecord: 0.7ms)


Started GET "/users/1" for 127.0.0.1 at Sat Apr 30 12:17:25 +0200 2011
  Processing by UsersController#show as HTML
  Parameters: {"id"=>"1"}
  [1m[35mSQL (0.4ms)[0m   SELECT name
 FROM sqlite_master
 WHERE type = 'table' AND NOT name = 'sqlite_sequence'
  [1m[36mUser Load (0.2ms)[0m  [1mSELECT "users".* FROM "users" WHERE "users"."id" = 2 LIMIT 1[0m
Completed   in 90ms


Started GET "/users/sign_in" for 127.0.0.1 at Sat Apr 30 12:17:25 +0200 2011
  Processing by Devise::SessionsController#new as HTML
Rendered devise/shared/_links.erb (1.2ms)
Rendered devise/sessions/new.html.erb within layouts/application (6.6ms)
Completed 200 OK in 26ms (Views: 11.9ms | ActiveRecord: 0.6ms)


Started POST "/users/sign_in" for 127.0.0.1 at Sat Apr 30 12:17:50 +0200 2011
  Processing by Devise::SessionsController#create as HTML
  Parameters: {"commit"=>"Sign in", "authenticity_token"=>"WKQ4CinA/4TPSDy77COOZgFYo8dFkSHNjYlCZ7MaH2w=", "utf8"=>"✓", "user"=>{"remember_me"=>"0", "password"=>"[FILTERED]", "email"=>"user@test.com"}}
  [1m[35mUser Load (0.2ms)[0m  SELECT "users".* FROM "users" WHERE "users"."email" = 'user@test.com' LIMIT 1
  [1m[36mAREL (0.4ms)[0m  [1mUPDATE "users" SET "last_sign_in_at" = '2011-04-30 10:17:50.825004', "current_sign_in_at" = '2011-04-30 10:17:50.825004', "sign_in_count" = 1, "current_sign_in_ip" = '127.0.0.1', "last_sign_in_ip" = '127.0.0.1', "updated_at" = '2011-04-30 10:17:50.825527' WHERE "users"."id" = 1[0m
Redirected to http://localhost:3000/users/1
Completed 302 Found in 165ms


Started GET "/users/1" for 127.0.0.1 at Sat Apr 30 12:17:50 +0200 2011
  Processing by UsersController#show as HTML
  Parameters: {"id"=>"1"}
  [1m[35mUser Load (0.2ms)[0m  SELECT "users".* FROM "users" WHERE "users"."id" = 1 LIMIT 1
  [1m[36mCACHE (0.0ms)[0m  [1mSELECT "users".* FROM "users" WHERE "users"."id" = 1 LIMIT 1[0m
Rendered users/show.html.erb within layouts/application (1.2ms)
Completed 200 OK in 75ms (Views: 6.4ms | ActiveRecord: 0.2ms)


Started GET "/patients/new" for 127.0.0.1 at Sat Apr 30 12:18:06 +0200 2011
  Processing by PatientsController#new as HTML
  [1m[35mCommune Load (0.3ms)[0m  SELECT "communes".* FROM "communes" ORDER BY name
Rendered patients/_villages.html.erb (0.4ms)
Rendered patients/_form.html.erb (91.1ms)
Rendered patients/new.html.erb within layouts/application (93.9ms)
Completed 200 OK in 126ms (Views: 99.8ms | ActiveRecord: 0.3ms)


Started GET "/patients/update_village_select/2" for 127.0.0.1 at Sat Apr 30 12:18:12 +0200 2011
  Processing by PatientsController#update_village_select as 
  Parameters: {"id"=>"2"}
  [1m[36mSQL (0.1ms)[0m  [1mSELECT COUNT(*) FROM "villages" WHERE "villages"."commune_id" = 2[0m
  [1m[35mVillage Load (0.2ms)[0m  SELECT "villages".* FROM "villages" WHERE "villages"."commune_id" = 2 ORDER BY name
Rendered patients/_villages.html.erb (63.2ms)
Completed 200 OK in 74ms (Views: 67.9ms | ActiveRecord: 0.3ms)


Started POST "/patients" for 127.0.0.1 at Sat Apr 30 12:18:17 +0200 2011
  Processing by PatientsController#create as HTML
  Parameters: {"commit"=>"Create Patient", "authenticity_token"=>"WKQ4CinA/4TPSDy77COOZgFYo8dFkSHNjYlCZ7MaH2w=", "utf8"=>"✓", "patient"=>{"name"=>"", "village_id"=>"5", "commune_id"=>"2"}}
  [1m[36mCommune Load (0.2ms)[0m  [1mSELECT "communes".* FROM "communes" ORDER BY name[0m
Rendered patients/_villages.html.erb (0.5ms)
Rendered patients/_form.html.erb (72.2ms)
Rendered patients/new.html.erb within layouts/application (74.7ms)
Completed 200 OK in 93ms (Views: 79.3ms | ActiveRecord: 0.2ms)


Started GET "/patients/update_village_select/1" for 127.0.0.1 at Sat Apr 30 12:18:31 +0200 2011
  Processing by PatientsController#update_village_select as 
  Parameters: {"id"=>"1"}
  [1m[35mSQL (0.1ms)[0m  SELECT COUNT(*) FROM "villages" WHERE "villages"."commune_id" = 1
  [1m[36mVillage Load (0.2ms)[0m  [1mSELECT "villages".* FROM "villages" WHERE "villages"."commune_id" = 1 ORDER BY name[0m
Rendered patients/_villages.html.erb (5.6ms)
Completed 200 OK in 16ms (Views: 9.6ms | ActiveRecord: 0.3ms)


Started POST "/patients" for 127.0.0.1 at Sat Apr 30 12:18:32 +0200 2011
  Processing by PatientsController#create as HTML
  Parameters: {"commit"=>"Create Patient", "authenticity_token"=>"WKQ4CinA/4TPSDy77COOZgFYo8dFkSHNjYlCZ7MaH2w=", "utf8"=>"✓", "patient"=>{"name"=>"Joselito", "village_id"=>"3", "commune_id"=>"1"}}
  [1m[35mAREL (0.3ms)[0m  INSERT INTO "patients" ("name", "commune_id", "village_id", "created_at", "updated_at") VALUES ('Joselito', 1, 3, '2011-04-30 10:18:32.558688', '2011-04-30 10:18:32.558688')
Redirected to http://localhost:3000/patients/6
Completed 302 Found in 15ms


Started GET "/patients/6" for 127.0.0.1 at Sat Apr 30 12:18:32 +0200 2011
  Processing by PatientsController#show as HTML
  Parameters: {"id"=>"6"}
  [1m[36mPatient Load (0.1ms)[0m  [1mSELECT "patients".* FROM "patients" WHERE "patients"."id" = 6 LIMIT 1[0m
Rendered patients/show.html.erb within layouts/application (7.2ms)
Completed 200 OK in 18ms (Views: 12.3ms | ActiveRecord: 0.1ms)


Started GET "/patients" for 127.0.0.1 at Sat Apr 30 12:18:59 +0200 2011
  Processing by PatientsController#index as HTML
  [1m[35mPatient Load (0.5ms)[0m  SELECT "patients".* FROM "patients"
Rendered patients/index.html.erb within layouts/application (66.6ms)
Completed 200 OK in 79ms (Views: 72.2ms | ActiveRecord: 0.5ms)


Started GET "/patients/6" for 127.0.0.1 at Sat Apr 30 12:19:02 +0200 2011
  Processing by PatientsController#show as JS
  Parameters: {"id"=>"6"}
  [1m[36mPatient Load (0.1ms)[0m  [1mSELECT "patients".* FROM "patients" WHERE "patients"."id" = 6 LIMIT 1[0m
Rendered patients/show.html.erb within layouts/application (7.1ms)
Completed 200 OK in 19ms (Views: 12.2ms | ActiveRecord: 0.1ms)


Started GET "/patients/new" for 127.0.0.1 at Sat Apr 30 12:45:36 +0200 2011
  Processing by PatientsController#new as HTML
  [1m[35mCommune Load (0.2ms)[0m  SELECT "communes".* FROM "communes" ORDER BY name
Rendered patients/_villages.html.erb (0.4ms)
Rendered patients/_form.html.erb (71.3ms)
Rendered patients/new.html.erb within layouts/application (73.8ms)
Completed 200 OK in 85ms (Views: 78.6ms | ActiveRecord: 0.2ms)


Started GET "/patients/new" for 127.0.0.1 at Sat Apr 30 12:45:54 +0200 2011
  Processing by PatientsController#new as HTML
  [1m[36mCommune Load (0.2ms)[0m  [1mSELECT "communes".* FROM "communes" ORDER BY name[0m
Rendered patients/_villages.html.erb (0.6ms)
Rendered patients/_form.html.erb (101.8ms)
Rendered patients/new.html.erb within layouts/application (104.4ms)
Completed 200 OK in 117ms (Views: 110.2ms | ActiveRecord: 0.2ms)


Started GET "/patients/new" for 127.0.0.1 at Sat Apr 30 12:48:22 +0200 2011
  Processing by PatientsController#new as HTML
  [1m[35mCommune Load (0.2ms)[0m  SELECT "communes".* FROM "communes" ORDER BY name
Rendered patients/_villages.html.erb (0.7ms)
Rendered patients/_form.html.erb (84.3ms)
Rendered patients/new.html.erb within layouts/application (87.1ms)
Completed 200 OK in 98ms (Views: 91.9ms | ActiveRecord: 0.2ms)


Started GET "/patients/update_village_select/1" for 127.0.0.1 at Sat Apr 30 12:48:27 +0200 2011
  Processing by PatientsController#update_village_select as 
  Parameters: {"id"=>"1"}
  [1m[36mSQL (0.1ms)[0m  [1mSELECT COUNT(*) FROM "villages" WHERE "villages"."commune_id" = 1[0m
  [1m[35mVillage Load (0.2ms)[0m  SELECT "villages".* FROM "villages" WHERE "villages"."commune_id" = 1 ORDER BY name
Rendered patients/_villages.html.erb (5.5ms)
Completed 200 OK in 14ms (Views: 9.4ms | ActiveRecord: 0.3ms)


Started GET "/" for 127.0.0.1 at Sat Apr 30 12:56:12 +0200 2011
  Processing by HomeController#index as HTML
  [1m[36mUser Load (0.4ms)[0m  [1mSELECT "users".* FROM "users"[0m
Rendered home/index.html.erb within layouts/application (11.9ms)
Completed 200 OK in 24ms (Views: 17.3ms | ActiveRecord: 0.4ms)


Started POST "/users/sign_in" for 127.0.0.1 at Sat Apr 30 13:16:34 +0200 2011
  Processing by Devise::SessionsController#create as HTML
  Parameters: {"commit"=>"Sign in", "authenticity_token"=>"WKQ4CinA/4TPSDy77COOZgFYo8dFkSHNjYlCZ7MaH2w=", "utf8"=>"✓", "user"=>{"remember_me"=>"0", "password"=>"[FILTERED]", "email"=>"user@test.com"}}
  [1m[35mUser Load (0.2ms)[0m  SELECT "users".* FROM "users" WHERE "users"."id" = 1 LIMIT 1
Redirected to http://localhost:3000/
Completed 302 Found in 89ms


Started GET "/" for 127.0.0.1 at Sat Apr 30 13:16:34 +0200 2011
  Processing by HomeController#index as HTML
  [1m[36mUser Load (0.5ms)[0m  [1mSELECT "users".* FROM "users"[0m
Rendered home/index.html.erb within layouts/application (55.3ms)
Completed 200 OK in 85ms (Views: 77.3ms | ActiveRecord: 0.6ms)


Started GET "/users/1" for 127.0.0.1 at Sat Apr 30 13:16:38 +0200 2011
  Processing by UsersController#show as HTML
  Parameters: {"id"=>"1"}
  [1m[35mUser Load (0.2ms)[0m  SELECT "users".* FROM "users" WHERE "users"."id" = 1 LIMIT 1
  [1m[36mCACHE (0.0ms)[0m  [1mSELECT "users".* FROM "users" WHERE "users"."id" = 1 LIMIT 1[0m
Rendered users/show.html.erb within layouts/application (1.1ms)
Completed 200 OK in 22ms (Views: 6.4ms | ActiveRecord: 0.2ms)


Started GET "/villages" for 127.0.0.1 at Sat Apr 30 13:18:19 +0200 2011
  Processing by VillagesController#index as HTML
  [1m[35mVillage Load (0.5ms)[0m  SELECT "villages".* FROM "villages"
Rendered villages/index.html.erb within layouts/application (12.9ms)
Completed 200 OK in 25ms (Views: 18.4ms | ActiveRecord: 0.5ms)


Started GET "/villages/new" for 127.0.0.1 at Sat Apr 30 13:18:24 +0200 2011
  Processing by VillagesController#new as HTML
Rendered villages/_form.html.erb (58.8ms)
Rendered villages/new.html.erb within layouts/application (61.9ms)
Completed 200 OK in 73ms (Views: 67.3ms | ActiveRecord: 0.0ms)


Started POST "/villages" for 127.0.0.1 at Sat Apr 30 13:18:38 +0200 2011
  Processing by VillagesController#create as HTML
  Parameters: {"commit"=>"Create Village", "village"=>{"name"=>"pepe", "commune_id"=>"1"}, "authenticity_token"=>"WKQ4CinA/4TPSDy77COOZgFYo8dFkSHNjYlCZ7MaH2w=", "utf8"=>"✓"}
  [1m[36mAREL (0.3ms)[0m  [1mINSERT INTO "villages" ("commune_id", "created_at", "name", "updated_at") VALUES (1, '2011-04-30 11:18:38.692395', 'pepe', '2011-04-30 11:18:38.692395')[0m
Redirected to http://localhost:3000/villages/8
Completed 302 Found in 12ms


Started GET "/villages/8" for 127.0.0.1 at Sat Apr 30 13:18:38 +0200 2011
  Processing by VillagesController#show as HTML
  Parameters: {"id"=>"8"}
  [1m[35mVillage Load (0.1ms)[0m  SELECT "villages".* FROM "villages" WHERE "villages"."id" = 8 LIMIT 1
Rendered villages/show.html.erb within layouts/application (61.9ms)
Completed 200 OK in 73ms (Views: 67.9ms | ActiveRecord: 0.1ms)


Started GET "/villages" for 127.0.0.1 at Sat Apr 30 13:18:40 +0200 2011
  Processing by VillagesController#index as HTML
  [1m[36mVillage Load (0.5ms)[0m  [1mSELECT "villages".* FROM "villages"[0m
Rendered villages/index.html.erb within layouts/application (14.1ms)
Completed 200 OK in 24ms (Views: 19.0ms | ActiveRecord: 0.5ms)


Started GET "/villages/8" for 127.0.0.1 at Sat Apr 30 13:18:43 +0200 2011
  Processing by VillagesController#show as JS
  Parameters: {"id"=>"8"}
  [1m[35mVillage Load (0.1ms)[0m  SELECT "villages".* FROM "villages" WHERE "villages"."id" = 8 LIMIT 1
Rendered villages/show.html.erb within layouts/application (6.9ms)
Completed 200 OK in 17ms (Views: 11.8ms | ActiveRecord: 0.1ms)


Started GET "/villages/8" for 127.0.0.1 at Sat Apr 30 13:18:47 +0200 2011
  Processing by VillagesController#show as JS
  Parameters: {"id"=>"8"}
  [1m[36mVillage Load (0.1ms)[0m  [1mSELECT "villages".* FROM "villages" WHERE "villages"."id" = 8 LIMIT 1[0m
Rendered villages/show.html.erb within layouts/application (55.4ms)
Completed 200 OK in 66ms (Views: 60.3ms | ActiveRecord: 0.4ms)


Started GET "/villages/8" for 127.0.0.1 at Sat Apr 30 13:18:55 +0200 2011
  Processing by VillagesController#show as JS
  Parameters: {"id"=>"8"}
  [1m[35mVillage Load (0.1ms)[0m  SELECT "villages".* FROM "villages" WHERE "villages"."id" = 8 LIMIT 1
Rendered villages/show.html.erb within layouts/application (6.3ms)
Completed 200 OK in 17ms (Views: 11.5ms | ActiveRecord: 0.1ms)


Started GET "/villages/8" for 127.0.0.1 at Sat Apr 30 13:22:31 +0200 2011
  Processing by VillagesController#show as JS
  Parameters: {"id"=>"8"}
  [1m[36mVillage Load (0.1ms)[0m  [1mSELECT "villages".* FROM "villages" WHERE "villages"."id" = 8 LIMIT 1[0m
Rendered villages/show.html.erb within layouts/application (65.1ms)
Completed 200 OK in 76ms (Views: 70.0ms | ActiveRecord: 0.1ms)


Started GET "/villages/8" for 127.0.0.1 at Sat Apr 30 13:29:52 +0200 2011
  Processing by VillagesController#show as JS
  Parameters: {"id"=>"8"}
  [1m[35mVillage Load (0.1ms)[0m  SELECT "villages".* FROM "villages" WHERE "villages"."id" = 8 LIMIT 1
Rendered villages/show.html.erb within layouts/application (7.2ms)
Completed 200 OK in 20ms (Views: 12.6ms | ActiveRecord: 0.1ms)


Started GET "/villages/8" for 127.0.0.1 at Sat Apr 30 13:29:54 +0200 2011
  Processing by VillagesController#show as JS
  Parameters: {"id"=>"8"}
  [1m[36mVillage Load (0.1ms)[0m  [1mSELECT "villages".* FROM "villages" WHERE "villages"."id" = 8 LIMIT 1[0m
Rendered villages/show.html.erb within layouts/application (59.6ms)
Completed 200 OK in 70ms (Views: 64.6ms | ActiveRecord: 0.1ms)


Started GET "/villages/8" for 127.0.0.1 at Sat Apr 30 13:31:56 +0200 2011
  Processing by VillagesController#show as JS
  Parameters: {"id"=>"8"}
  [1m[35mVillage Load (0.1ms)[0m  SELECT "villages".* FROM "villages" WHERE "villages"."id" = 8 LIMIT 1
Rendered villages/show.html.erb within layouts/application (6.0ms)
Completed 200 OK in 17ms (Views: 11.2ms | ActiveRecord: 0.1ms)


Started GET "/villages/8" for 127.0.0.1 at Sat Apr 30 13:32:06 +0200 2011
  Processing by VillagesController#show as HTML
  Parameters: {"id"=>"8"}
  [1m[36mVillage Load (0.1ms)[0m  [1mSELECT "villages".* FROM "villages" WHERE "villages"."id" = 8 LIMIT 1[0m
Rendered villages/show.html.erb within layouts/application (62.9ms)
Completed 200 OK in 74ms (Views: 68.0ms | ActiveRecord: 0.1ms)


Started GET "/patients/update_village_select/2" for 127.0.0.1 at Sat Apr 30 13:33:20 +0200 2011
  Processing by PatientsController#update_village_select as 
  Parameters: {"id"=>"2"}
  [1m[35mSQL (0.1ms)[0m  SELECT COUNT(*) FROM "villages" WHERE "villages"."commune_id" = 2
  [1m[36mVillage Load (0.2ms)[0m  [1mSELECT "villages".* FROM "villages" WHERE "villages"."commune_id" = 2 ORDER BY name[0m
Rendered patients/_villages.html.erb (6.2ms)
Completed 200 OK in 16ms (Views: 10.9ms | ActiveRecord: 0.3ms)


Started POST "/patients" for 127.0.0.1 at Sat Apr 30 13:33:24 +0200 2011
  Processing by PatientsController#create as HTML
  Parameters: {"commit"=>"Create Patient", "authenticity_token"=>"WKQ4CinA/4TPSDy77COOZgFYo8dFkSHNjYlCZ7MaH2w=", "utf8"=>"✓", "patient"=>{"name"=>"", "village_id"=>"7", "commune_id"=>"2"}}
  [1m[35mCommune Load (0.2ms)[0m  SELECT "communes".* FROM "communes" ORDER BY name
Rendered patients/_villages.html.erb (0.6ms)
Rendered patients/_form.html.erb (27.9ms)
Rendered patients/new.html.erb within layouts/application (43.5ms)
Completed 200 OK in 164ms (Views: 52.4ms | ActiveRecord: 0.2ms)


Started GET "/patients/update_village_select/1" for 127.0.0.1 at Sat Apr 30 13:33:44 +0200 2011
  Processing by PatientsController#update_village_select as 
  Parameters: {"id"=>"1"}
  [1m[36mSQL (0.1ms)[0m  [1mSELECT COUNT(*) FROM "villages" WHERE "villages"."commune_id" = 1[0m
  [1m[35mVillage Load (0.2ms)[0m  SELECT "villages".* FROM "villages" WHERE "villages"."commune_id" = 1 ORDER BY name
Rendered patients/_villages.html.erb (61.8ms)
Completed 200 OK in 71ms (Views: 65.7ms | ActiveRecord: 0.3ms)


Started POST "/patients" for 127.0.0.1 at Sat Apr 30 13:33:46 +0200 2011
  Processing by PatientsController#create as HTML
  Parameters: {"commit"=>"Create Patient", "authenticity_token"=>"WKQ4CinA/4TPSDy77COOZgFYo8dFkSHNjYlCZ7MaH2w=", "utf8"=>"✓", "patient"=>{"name"=>"PoPo", "village_id"=>"3", "commune_id"=>"1"}}
  [1m[36mAREL (0.4ms)[0m  [1mINSERT INTO "patients" ("village_id", "created_at", "name", "commune_id", "updated_at") VALUES (3, '2011-04-30 11:33:46.762419', 'PoPo', 1, '2011-04-30 11:33:46.762419')[0m
Redirected to http://localhost:3000/patients/7
Completed 302 Found in 17ms


Started GET "/patients/7" for 127.0.0.1 at Sat Apr 30 13:33:46 +0200 2011
  Processing by PatientsController#show as HTML
  Parameters: {"id"=>"7"}
  [1m[35mPatient Load (0.1ms)[0m  SELECT "patients".* FROM "patients" WHERE "patients"."id" = 7 LIMIT 1
Rendered patients/show.html.erb within layouts/application (67.6ms)
Completed 200 OK in 81ms (Views: 73.2ms | ActiveRecord: 0.1ms)


Started GET "/villages" for 127.0.0.1 at Sat Apr 30 13:34:03 +0200 2011
  Processing by VillagesController#index as HTML
  [1m[36mVillage Load (0.5ms)[0m  [1mSELECT "villages".* FROM "villages"[0m
Rendered villages/index.html.erb within layouts/application (14.0ms)
Completed 200 OK in 25ms (Views: 19.2ms | ActiveRecord: 0.5ms)


Started GET "/villages/8" for 127.0.0.1 at Sat Apr 30 13:34:06 +0200 2011
  Processing by VillagesController#show as JS
  Parameters: {"id"=>"8"}
  [1m[35mVillage Load (0.1ms)[0m  SELECT "villages".* FROM "villages" WHERE "villages"."id" = 8 LIMIT 1
Rendered villages/show.html.erb within layouts/application (6.3ms)
Completed 200 OK in 76ms (Views: 11.3ms | ActiveRecord: 0.1ms)


Started GET "/villages/8" for 127.0.0.1 at Sat Apr 30 13:38:11 +0200 2011
  Processing by VillagesController#show as JS
  Parameters: {"id"=>"8"}
  [1m[36mSQL (0.6ms)[0m  [1m SELECT name
 FROM sqlite_master
 WHERE type = 'table' AND NOT name = 'sqlite_sequence'
[0m
  [1m[35mVillage Load (0.1ms)[0m  SELECT "villages".* FROM "villages" WHERE "villages"."id" = 8 LIMIT 1
Rendered villages/show.html.erb within layouts/application (8.0ms)
Completed 200 OK in 102ms (Views: 13.5ms | ActiveRecord: 0.7ms)


Started GET "/villages/8" for 127.0.0.1 at Sat Apr 30 13:38:13 +0200 2011
  Processing by VillagesController#show as JS
  Parameters: {"id"=>"8"}
  [1m[36mVillage Load (0.1ms)[0m  [1mSELECT "villages".* FROM "villages" WHERE "villages"."id" = 8 LIMIT 1[0m
Rendered villages/show.html.erb within layouts/application (53.5ms)
Completed 200 OK in 64ms (Views: 58.6ms | ActiveRecord: 0.1ms)


Started GET "/villages/8" for 127.0.0.1 at Sat Apr 30 13:38:16 +0200 2011
  Processing by VillagesController#show as JS
  Parameters: {"id"=>"8"}
  [1m[35mVillage Load (0.1ms)[0m  SELECT "villages".* FROM "villages" WHERE "villages"."id" = 8 LIMIT 1
Rendered villages/show.html.erb within layouts/application (7.7ms)
Completed 200 OK in 18ms (Views: 12.8ms | ActiveRecord: 0.1ms)


Started GET "/villages" for 127.0.0.1 at Sat Apr 30 13:46:34 +0200 2011
  Processing by VillagesController#index as HTML
  [1m[36mVillage Load (0.7ms)[0m  [1mSELECT "villages".* FROM "villages"[0m
Rendered villages/index.html.erb within layouts/application (15.3ms)
Completed 200 OK in 50ms (Views: 20.9ms | ActiveRecord: 0.7ms)


Started GET "/villages/8" for 127.0.0.1 at Sat Apr 30 13:46:37 +0200 2011
  Processing by VillagesController#show as JS
  Parameters: {"id"=>"8"}
  [1m[35mSQL (0.4ms)[0m   SELECT name
 FROM sqlite_master
 WHERE type = 'table' AND NOT name = 'sqlite_sequence'
  [1m[36mVillage Load (0.1ms)[0m  [1mSELECT "villages".* FROM "villages" WHERE "villages"."id" = 8 LIMIT 1[0m
Rendered villages/show.html.erb within layouts/application (7.3ms)
Completed 200 OK in 22ms (Views: 13.3ms | ActiveRecord: 0.6ms)


Started POST "/villages/8" for 127.0.0.1 at Sat Apr 30 13:46:40 +0200 2011
  Processing by VillagesController#destroy as HTML
  Parameters: {"authenticity_token"=>"WKQ4CinA/4TPSDy77COOZgFYo8dFkSHNjYlCZ7MaH2w=", "id"=>"8"}
  [1m[35mVillage Load (0.1ms)[0m  SELECT "villages".* FROM "villages" WHERE "villages"."id" = 8 LIMIT 1
  [1m[36mAREL (5.1ms)[0m  [1mDELETE FROM "villages" WHERE "villages"."id" = 8[0m
Redirected to http://localhost:3000/villages
Completed 302 Found in 17ms


Started GET "/villages" for 127.0.0.1 at Sat Apr 30 13:46:40 +0200 2011
  Processing by VillagesController#index as HTML
  [1m[35mVillage Load (0.5ms)[0m  SELECT "villages".* FROM "villages"
Rendered villages/index.html.erb within layouts/application (13.6ms)
Completed 200 OK in 26ms (Views: 19.4ms | ActiveRecord: 0.5ms)


Started GET "/patients" for 127.0.0.1 at Sat Apr 30 13:46:58 +0200 2011
  Processing by PatientsController#index as HTML
  [1m[36mPatient Load (0.5ms)[0m  [1mSELECT "patients".* FROM "patients"[0m
Rendered patients/index.html.erb within layouts/application (15.4ms)
Completed 200 OK in 63ms (Views: 37.9ms | ActiveRecord: 0.5ms)


Started GET "/patients/new" for 127.0.0.1 at Sat Apr 30 13:47:03 +0200 2011
  Processing by PatientsController#new as HTML
  [1m[35mCommune Load (0.3ms)[0m  SELECT "communes".* FROM "communes" ORDER BY name
Rendered patients/_villages.html.erb (0.4ms)
Rendered patients/_form.html.erb (124.3ms)
Rendered patients/new.html.erb within layouts/application (128.2ms)
Completed 200 OK in 140ms (Views: 133.5ms | ActiveRecord: 0.3ms)


Started GET "/patients/update_village_select/1" for 127.0.0.1 at Sat Apr 30 13:47:08 +0200 2011
  Processing by PatientsController#update_village_select as 
  Parameters: {"id"=>"1"}
  [1m[36mSQL (0.2ms)[0m  [1mSELECT COUNT(*) FROM "villages" WHERE "villages"."commune_id" = 1[0m
  [1m[35mVillage Load (0.2ms)[0m  SELECT "villages".* FROM "villages" WHERE "villages"."commune_id" = 1 ORDER BY name
Rendered patients/_villages.html.erb (58.0ms)
Completed 200 OK in 71ms (Views: 63.4ms | ActiveRecord: 0.3ms)


Started GET "/patients/update_village_select/1" for 127.0.0.1 at Sat Apr 30 13:47:08 +0200 2011
  Processing by PatientsController#update_village_select as 
  Parameters: {"id"=>"1"}
  [1m[36mSQL (0.1ms)[0m  [1mSELECT COUNT(*) FROM "villages" WHERE "villages"."commune_id" = 1[0m
  [1m[35mVillage Load (0.2ms)[0m  SELECT "villages".* FROM "villages" WHERE "villages"."commune_id" = 1 ORDER BY name
Rendered patients/_villages.html.erb (5.9ms)
Completed 200 OK in 17ms (Views: 10.8ms | ActiveRecord: 0.3ms)


Started POST "/patients" for 127.0.0.1 at Sat Apr 30 13:47:24 +0200 2011
  Processing by PatientsController#create as JS
  Parameters: {"commit"=>"Create Patient", "authenticity_token"=>"WKQ4CinA/4TPSDy77COOZgFYo8dFkSHNjYlCZ7MaH2w=", "utf8"=>"✓", "patient"=>{"name"=>"Joselito II", "village_id"=>"2", "commune_id"=>"1"}}
  [1m[36mAREL (0.4ms)[0m  [1mINSERT INTO "patients" ("updated_at", "commune_id", "name", "village_id", "created_at") VALUES ('2011-04-30 11:47:24.452472', 1, 'Joselito II', 2, '2011-04-30 11:47:24.452472')[0m
Redirected to http://localhost:3000/patients/8
Completed 302 Found in 125ms


Started GET "/patients/8" for 127.0.0.1 at Sat Apr 30 13:47:24 +0200 2011
  Processing by PatientsController#show as HTML
  Parameters: {"id"=>"8"}
  [1m[35mPatient Load (0.1ms)[0m  SELECT "patients".* FROM "patients" WHERE "patients"."id" = 8 LIMIT 1
Rendered patients/show.html.erb within layouts/application (8.5ms)
Completed 200 OK in 20ms (Views: 13.8ms | ActiveRecord: 0.1ms)


Started POST "/patients" for 127.0.0.1 at Sat Apr 30 13:47:41 +0200 2011
  Processing by PatientsController#create as JS
  Parameters: {"commit"=>"Create Patient", "authenticity_token"=>"WKQ4CinA/4TPSDy77COOZgFYo8dFkSHNjYlCZ7MaH2w=", "utf8"=>"✓", "patient"=>{"name"=>"Joselito II", "village_id"=>"2", "commune_id"=>"1"}}
  [1m[36mAREL (0.3ms)[0m  [1mINSERT INTO "patients" ("name", "commune_id", "village_id", "updated_at", "created_at") VALUES ('Joselito II', 1, 2, '2011-04-30 11:47:41.428877', '2011-04-30 11:47:41.428877')[0m
Redirected to http://localhost:3000/patients/9
Completed 302 Found in 71ms


Started GET "/patients/9" for 127.0.0.1 at Sat Apr 30 13:47:41 +0200 2011
  Processing by PatientsController#show as HTML
  Parameters: {"id"=>"9"}
  [1m[35mPatient Load (0.1ms)[0m  SELECT "patients".* FROM "patients" WHERE "patients"."id" = 9 LIMIT 1
Rendered patients/show.html.erb within layouts/application (7.4ms)
Completed 200 OK in 19ms (Views: 12.5ms | ActiveRecord: 0.1ms)


Started GET "/patients" for 127.0.0.1 at Sat Apr 30 13:47:44 +0200 2011
  Processing by PatientsController#index as HTML
  [1m[36mPatient Load (0.5ms)[0m  [1mSELECT "patients".* FROM "patients"[0m
Rendered patients/index.html.erb within layouts/application (62.8ms)
Completed 200 OK in 74ms (Views: 67.6ms | ActiveRecord: 1.2ms)


Started GET "/patients/9" for 127.0.0.1 at Sat Apr 30 13:47:49 +0200 2011
  Processing by PatientsController#show as JS
  Parameters: {"id"=>"9"}
  [1m[35mPatient Load (0.1ms)[0m  SELECT "patients".* FROM "patients" WHERE "patients"."id" = 9 LIMIT 1
Rendered patients/show.html.erb within layouts/application (65.2ms)
Completed 200 OK in 76ms (Views: 70.1ms | ActiveRecord: 0.1ms)


Started POST "/patients/9" for 127.0.0.1 at Sat Apr 30 13:47:51 +0200 2011
  Processing by PatientsController#destroy as HTML
  Parameters: {"authenticity_token"=>"WKQ4CinA/4TPSDy77COOZgFYo8dFkSHNjYlCZ7MaH2w=", "id"=>"9"}
  [1m[36mPatient Load (0.1ms)[0m  [1mSELECT "patients".* FROM "patients" WHERE "patients"."id" = 9 LIMIT 1[0m
  [1m[35mAREL (0.3ms)[0m  DELETE FROM "patients" WHERE "patients"."id" = 9
Redirected to http://localhost:3000/patients
Completed 302 Found in 14ms


Started GET "/patients" for 127.0.0.1 at Sat Apr 30 13:47:51 +0200 2011
  Processing by PatientsController#index as HTML
  [1m[36mPatient Load (0.6ms)[0m  [1mSELECT "patients".* FROM "patients"[0m
Rendered patients/index.html.erb within layouts/application (16.4ms)
Completed 200 OK in 83ms (Views: 21.6ms | ActiveRecord: 0.6ms)


Started GET "/patients/8" for 127.0.0.1 at Sat Apr 30 15:31:46 +0200 2011
  Processing by PatientsController#show as JS
  Parameters: {"id"=>"8"}
  [1m[35mPatient Load (0.1ms)[0m  SELECT "patients".* FROM "patients" WHERE "patients"."id" = 8 LIMIT 1
Rendered patients/show.html.erb within layouts/application (7.3ms)
Completed 200 OK in 71ms (Views: 12.2ms | ActiveRecord: 0.1ms)


Started GET "/patients/8" for 127.0.0.1 at Sat Apr 30 16:32:37 +0200 2011
  Processing by PatientsController#show as JS
  Parameters: {"id"=>"8"}
  [1m[36mPatient Load (0.1ms)[0m  [1mSELECT "patients".* FROM "patients" WHERE "patients"."id" = 8 LIMIT 1[0m
Rendered patients/show.html.erb within layouts/application (7.5ms)
Completed 200 OK in 19ms (Views: 12.4ms | ActiveRecord: 0.1ms)


Started POST "/patients/8" for 127.0.0.1 at Sat Apr 30 16:32:40 +0200 2011
  Processing by PatientsController#destroy as HTML
  Parameters: {"authenticity_token"=>"WKQ4CinA/4TPSDy77COOZgFYo8dFkSHNjYlCZ7MaH2w=", "id"=>"8"}
  [1m[35mPatient Load (0.1ms)[0m  SELECT "patients".* FROM "patients" WHERE "patients"."id" = 8 LIMIT 1
  [1m[36mAREL (0.3ms)[0m  [1mDELETE FROM "patients" WHERE "patients"."id" = 8[0m
Redirected to http://localhost:3000/patients
Completed 302 Found in 13ms


Started GET "/patients" for 127.0.0.1 at Sat Apr 30 16:32:40 +0200 2011
  Processing by PatientsController#index as HTML
  [1m[35mPatient Load (0.5ms)[0m  SELECT "patients".* FROM "patients"
Rendered patients/index.html.erb within layouts/application (65.1ms)
Completed 200 OK in 76ms (Views: 70.0ms | ActiveRecord: 0.9ms)


Started GET "/patients/new" for 127.0.0.1 at Sat Apr 30 16:48:06 +0200 2011
  Processing by PatientsController#new as HTML
  [1m[36mCommune Load (0.3ms)[0m  [1mSELECT "communes".* FROM "communes" ORDER BY name[0m
Rendered patients/_villages.html.erb (0.4ms)
Rendered patients/_form.html.erb (95.2ms)
Rendered patients/new.html.erb within layouts/application (98.4ms)
Completed 200 OK in 113ms (Views: 103.6ms | ActiveRecord: 0.3ms)


Started GET "/patients/update_village_select/1" for 127.0.0.1 at Sat Apr 30 16:48:23 +0200 2011
  Processing by PatientsController#update_village_select as 
  Parameters: {"id"=>"1"}
  [1m[35mSQL (0.7ms)[0m   SELECT name
 FROM sqlite_master
 WHERE type = 'table' AND NOT name = 'sqlite_sequence'
  [1m[36mSQL (0.1ms)[0m  [1mSELECT COUNT(*) FROM "villages" WHERE "villages"."commune_id" = 1[0m
  [1m[35mVillage Load (0.2ms)[0m  SELECT "villages".* FROM "villages" WHERE "villages"."commune_id" = 1 ORDER BY name
Rendered patients/_villages.html.erb (7.6ms)
Completed 200 OK in 28ms (Views: 14.2ms | ActiveRecord: 1.1ms)


Started GET "/patients/update_village_select/1" for 127.0.0.1 at Sat Apr 30 16:48:24 +0200 2011
  Processing by PatientsController#update_village_select as 
  Parameters: {"id"=>"1"}
  [1m[36mSQL (0.1ms)[0m  [1mSELECT COUNT(*) FROM "villages" WHERE "villages"."commune_id" = 1[0m
  [1m[35mVillage Load (0.2ms)[0m  SELECT "villages".* FROM "villages" WHERE "villages"."commune_id" = 1 ORDER BY name
Rendered patients/_villages.html.erb (5.8ms)
Completed 200 OK in 16ms (Views: 10.3ms | ActiveRecord: 0.3ms)


Started POST "/patients" for 127.0.0.1 at Sat Apr 30 16:48:29 +0200 2011
  Processing by PatientsController#create as JS
  Parameters: {"commit"=>"Create Patient", "authenticity_token"=>"WKQ4CinA/4TPSDy77COOZgFYo8dFkSHNjYlCZ7MaH2w=", "utf8"=>"✓", "patient"=>{"name"=>"Pedro", "village_id"=>"2", "commune_id"=>"1"}}
  [1m[36mAREL (0.4ms)[0m  [1mINSERT INTO "patients" ("commune_id", "updated_at", "name", "village_id", "created_at") VALUES (1, '2011-04-30 14:48:29.731004', 'Pedro', 2, '2011-04-30 14:48:29.731004')[0m
Redirected to http://localhost:3000/patients/10
Completed 302 Found in 19ms


Started GET "/patients/10" for 127.0.0.1 at Sat Apr 30 16:48:29 +0200 2011
  Processing by PatientsController#show as HTML
  Parameters: {"id"=>"10"}
  [1m[35mPatient Load (0.1ms)[0m  SELECT "patients".* FROM "patients" WHERE "patients"."id" = 10 LIMIT 1
Rendered patients/show.html.erb within layouts/application (8.1ms)
Completed 200 OK in 20ms (Views: 13.5ms | ActiveRecord: 0.1ms)


Started GET "/patients" for 127.0.0.1 at Sat Apr 30 16:48:34 +0200 2011
  Processing by PatientsController#index as HTML
  [1m[36mPatient Load (0.5ms)[0m  [1mSELECT "patients".* FROM "patients"[0m
Rendered patients/index.html.erb within layouts/application (15.9ms)
Completed 200 OK in 28ms (Views: 21.3ms | ActiveRecord: 0.5ms)


Started GET "/patients/10/edit" for 127.0.0.1 at Sat Apr 30 16:48:39 +0200 2011
  Processing by PatientsController#edit as HTML
  Parameters: {"id"=>"10"}
  [1m[35mPatient Load (0.1ms)[0m  SELECT "patients".* FROM "patients" WHERE "patients"."id" = 10 LIMIT 1
  [1m[36mCommune Load (0.2ms)[0m  [1mSELECT "communes".* FROM "communes" ORDER BY name[0m
Rendered patients/_villages.html.erb (0.3ms)
Rendered patients/_form.html.erb (71.0ms)
Rendered patients/edit.html.erb within layouts/application (74.2ms)
Completed 200 OK in 85ms (Views: 79.1ms | ActiveRecord: 0.3ms)


Started GET "/patients/update_village_select/2" for 127.0.0.1 at Sat Apr 30 16:49:50 +0200 2011
  Processing by PatientsController#update_village_select as 
  Parameters: {"id"=>"2"}
  [1m[35mSQL (0.1ms)[0m  SELECT COUNT(*) FROM "villages" WHERE "villages"."commune_id" = 2
  [1m[36mVillage Load (0.2ms)[0m  [1mSELECT "villages".* FROM "villages" WHERE "villages"."commune_id" = 2 ORDER BY name[0m
Rendered patients/_villages.html.erb (5.5ms)
Completed 200 OK in 14ms (Views: 9.5ms | ActiveRecord: 0.3ms)


Started GET "/patients/update_village_select/2" for 127.0.0.1 at Sat Apr 30 16:49:50 +0200 2011
  Processing by PatientsController#update_village_select as 
  Parameters: {"id"=>"2"}
  [1m[35mSQL (0.1ms)[0m  SELECT COUNT(*) FROM "villages" WHERE "villages"."commune_id" = 2
  [1m[36mVillage Load (0.2ms)[0m  [1mSELECT "villages".* FROM "villages" WHERE "villages"."commune_id" = 2 ORDER BY name[0m
Rendered patients/_villages.html.erb (5.8ms)
Completed 200 OK in 15ms (Views: 9.7ms | ActiveRecord: 0.3ms)


Started POST "/patients" for 127.0.0.1 at Sat Apr 30 16:52:13 +0200 2011
  Processing by PatientsController#create as JS
  Parameters: {"commit"=>"Create Patient", "authenticity_token"=>"WKQ4CinA/4TPSDy77COOZgFYo8dFkSHNjYlCZ7MaH2w=", "utf8"=>"✓", "patient"=>{"name"=>"Catalina", "village_id"=>"7", "commune_id"=>"2"}}
  [1m[35mAREL (0.3ms)[0m  INSERT INTO "patients" ("commune_id", "updated_at", "name", "village_id", "created_at") VALUES (2, '2011-04-30 14:52:13.689841', 'Catalina', 7, '2011-04-30 14:52:13.689841')
Redirected to http://localhost:3000/patients/11
Completed 302 Found in 14ms


Started GET "/patients/11" for 127.0.0.1 at Sat Apr 30 16:52:13 +0200 2011
  Processing by PatientsController#show as HTML
  Parameters: {"id"=>"11"}
  [1m[36mPatient Load (0.1ms)[0m  [1mSELECT "patients".* FROM "patients" WHERE "patients"."id" = 11 LIMIT 1[0m
Rendered patients/show.html.erb within layouts/application (7.2ms)
Completed 200 OK in 76ms (Views: 11.9ms | ActiveRecord: 0.4ms)


Started GET "/patients" for 127.0.0.1 at Sat Apr 30 16:52:22 +0200 2011
  Processing by PatientsController#index as HTML
  [1m[35mPatient Load (0.5ms)[0m  SELECT "patients".* FROM "patients"
Rendered patients/index.html.erb within layouts/application (59.4ms)
Completed 200 OK in 71ms (Views: 64.3ms | ActiveRecord: 0.5ms)


Started GET "/patients/new" for 127.0.0.1 at Sat Apr 30 17:00:25 +0200 2011
  Processing by PatientsController#new as HTML
  [1m[36mCommune Load (0.2ms)[0m  [1mSELECT "communes".* FROM "communes" ORDER BY name[0m
Rendered patients/_villages.html.erb (0.4ms)
Rendered patients/_form.html.erb (81.5ms)
Rendered patients/new.html.erb within layouts/application (84.4ms)
Completed 200 OK in 95ms (Views: 89.0ms | ActiveRecord: 0.2ms)


Started GET "/patients/update_village_select/1" for 127.0.0.1 at Sat Apr 30 17:00:41 +0200 2011
  Processing by PatientsController#update_village_select as 
  Parameters: {"id"=>"1"}
  [1m[35mSQL (0.1ms)[0m  SELECT COUNT(*) FROM "villages" WHERE "villages"."commune_id" = 1
  [1m[36mVillage Load (0.2ms)[0m  [1mSELECT "villages".* FROM "villages" WHERE "villages"."commune_id" = 1 ORDER BY name[0m
Rendered patients/_villages.html.erb (5.4ms)
Completed 200 OK in 15ms (Views: 9.5ms | ActiveRecord: 0.3ms)


Started POST "/patients" for 127.0.0.1 at Sat Apr 30 17:00:49 +0200 2011
  Processing by PatientsController#create as JS
  Parameters: {"commit"=>"Create Patient", "authenticity_token"=>"WKQ4CinA/4TPSDy77COOZgFYo8dFkSHNjYlCZ7MaH2w=", "utf8"=>"✓", "patient"=>{"name"=>"Olatz", "village_id"=>"2", "commune_id"=>"1"}}
  [1m[35mAREL (0.3ms)[0m  INSERT INTO "patients" ("name", "commune_id", "village_id", "created_at", "updated_at") VALUES ('Olatz', 1, 2, '2011-04-30 15:00:49.098989', '2011-04-30 15:00:49.098989')
Redirected to http://localhost:3000/patients/12
Completed 302 Found in 61ms


Started GET "/patients/12" for 127.0.0.1 at Sat Apr 30 17:00:49 +0200 2011
  Processing by PatientsController#show as HTML
  Parameters: {"id"=>"12"}
  [1m[36mPatient Load (0.1ms)[0m  [1mSELECT "patients".* FROM "patients" WHERE "patients"."id" = 12 LIMIT 1[0m
Rendered patients/show.html.erb within layouts/application (7.8ms)
Completed 200 OK in 19ms (Views: 12.8ms | ActiveRecord: 0.1ms)


Started POST "/patients" for 127.0.0.1 at Sat Apr 30 17:03:23 +0200 2011
  Processing by PatientsController#create as JS
  Parameters: {"commit"=>"Create Patient", "authenticity_token"=>"WKQ4CinA/4TPSDy77COOZgFYo8dFkSHNjYlCZ7MaH2w=", "utf8"=>"✓", "patient"=>{"name"=>"Olatz", "village_id"=>"2", "commune_id"=>"1"}}
  [1m[35mAREL (0.3ms)[0m  INSERT INTO "patients" ("created_at", "name", "commune_id", "village_id", "updated_at") VALUES ('2011-04-30 15:03:23.498248', 'Olatz', 1, 2, '2011-04-30 15:03:23.498248')
Redirected to http://localhost:3000/patients/13
Completed 302 Found in 66ms


Started GET "/patients/13" for 127.0.0.1 at Sat Apr 30 17:03:23 +0200 2011
  Processing by PatientsController#show as HTML
  Parameters: {"id"=>"13"}
  [1m[36mPatient Load (0.1ms)[0m  [1mSELECT "patients".* FROM "patients" WHERE "patients"."id" = 13 LIMIT 1[0m
Rendered patients/show.html.erb within layouts/application (7.5ms)
Completed 200 OK in 19ms (Views: 12.4ms | ActiveRecord: 0.4ms)


Started GET "/patients" for 127.0.0.1 at Sat Apr 30 17:04:00 +0200 2011
  Processing by PatientsController#index as HTML
  [1m[35mPatient Load (0.6ms)[0m  SELECT "patients".* FROM "patients"
Rendered patients/index.html.erb within layouts/application (63.7ms)
Completed 200 OK in 75ms (Views: 68.8ms | ActiveRecord: 0.6ms)


Started GET "/patients/13" for 127.0.0.1 at Sat Apr 30 17:04:20 +0200 2011
  Processing by PatientsController#show as HTML
  Parameters: {"id"=>"13"}
  [1m[36mPatient Load (0.2ms)[0m  [1mSELECT "patients".* FROM "patients" WHERE "patients"."id" = 13 LIMIT 1[0m
Rendered patients/show.html.erb within layouts/application (8.4ms)
Completed 200 OK in 79ms (Views: 14.2ms | ActiveRecord: 0.2ms)


Started GET "/patients/13/edit" for 127.0.0.1 at Sat Apr 30 17:04:58 +0200 2011
  Processing by PatientsController#edit as HTML
  Parameters: {"id"=>"13"}
  [1m[35mPatient Load (0.1ms)[0m  SELECT "patients".* FROM "patients" WHERE "patients"."id" = 13 LIMIT 1
  [1m[36mCommune Load (0.2ms)[0m  [1mSELECT "communes".* FROM "communes" ORDER BY name[0m
Rendered patients/_villages.html.erb (0.3ms)
Rendered patients/_form.html.erb (72.7ms)
Rendered patients/edit.html.erb within layouts/application (75.8ms)
Completed 200 OK in 87ms (Views: 80.3ms | ActiveRecord: 0.3ms)


Started GET "/patients/13" for 127.0.0.1 at Sat Apr 30 17:06:12 +0200 2011
  Processing by PatientsController#show as HTML
  Parameters: {"id"=>"13"}
  [1m[35mPatient Load (0.1ms)[0m  SELECT "patients".* FROM "patients" WHERE "patients"."id" = 13 LIMIT 1
Rendered patients/show.html.erb within layouts/application (7.2ms)
Completed 200 OK in 18ms (Views: 12.0ms | ActiveRecord: 0.1ms)


Started GET "/patients" for 127.0.0.1 at Sat Apr 30 17:06:53 +0200 2011
  Processing by PatientsController#index as HTML
  [1m[36mPatient Load (0.6ms)[0m  [1mSELECT "patients".* FROM "patients"[0m
Rendered patients/index.html.erb within layouts/application (16.9ms)
Completed 200 OK in 28ms (Views: 21.9ms | ActiveRecord: 0.6ms)


Started GET "/patients/new" for 127.0.0.1 at Sat Apr 30 17:06:57 +0200 2011
  Processing by PatientsController#new as HTML
  [1m[35mCommune Load (0.2ms)[0m  SELECT "communes".* FROM "communes" ORDER BY name
Rendered patients/_villages.html.erb (0.3ms)
Rendered patients/_form.html.erb (72.8ms)
Rendered patients/new.html.erb within layouts/application (75.7ms)
Completed 200 OK in 86ms (Views: 80.3ms | ActiveRecord: 0.2ms)


Started GET "/patients/update_village_select/1" for 127.0.0.1 at Sat Apr 30 17:08:56 +0200 2011
  Processing by PatientsController#update_village_select as 
  Parameters: {"id"=>"1"}
  [1m[36mSQL (0.1ms)[0m  [1mSELECT COUNT(*) FROM "villages" WHERE "villages"."commune_id" = 1[0m
  [1m[35mVillage Load (0.2ms)[0m  SELECT "villages".* FROM "villages" WHERE "villages"."commune_id" = 1 ORDER BY name
Rendered patients/_villages.html.erb (5.6ms)
Completed 200 OK in 15ms (Views: 9.5ms | ActiveRecord: 0.3ms)


Started POST "/patients" for 127.0.0.1 at Sat Apr 30 17:09:05 +0200 2011
  Processing by PatientsController#create as JS
  Parameters: {"commit"=>"Create Patient", "authenticity_token"=>"WKQ4CinA/4TPSDy77COOZgFYo8dFkSHNjYlCZ7MaH2w=", "utf8"=>"✓", "patient"=>{"name"=>"Garcia", "village_id"=>"4", "commune_id"=>"1"}}
  [1m[36mAREL (0.3ms)[0m  [1mINSERT INTO "patients" ("created_at", "updated_at", "commune_id", "name", "village_id") VALUES ('2011-04-30 15:09:05.905000', '2011-04-30 15:09:05.905000', 1, 'Garcia', 4)[0m
Redirected to http://localhost:3000/patients/14
Completed 302 Found in 14ms


Started GET "/patients/14" for 127.0.0.1 at Sat Apr 30 17:09:05 +0200 2011
  Processing by PatientsController#show as HTML
  Parameters: {"id"=>"14"}
  [1m[35mPatient Load (0.1ms)[0m  SELECT "patients".* FROM "patients" WHERE "patients"."id" = 14 LIMIT 1
Rendered patients/show.html.erb within layouts/application (7.5ms)
Completed 200 OK in 70ms (Views: 12.2ms | ActiveRecord: 0.4ms)


Started GET "/patients/new" for 127.0.0.1 at Sat Apr 30 17:19:58 +0200 2011
  Processing by PatientsController#new as HTML
  [1m[36mCommune Load (0.3ms)[0m  [1mSELECT "communes".* FROM "communes" ORDER BY name[0m
Rendered patients/_villages.html.erb (0.4ms)
Rendered patients/_form.html.erb (74.8ms)
  [1m[35mUser Load (0.2ms)[0m  SELECT "users".* FROM "users" WHERE "users"."id" = 1 LIMIT 1
Rendered patients/new.html.erb within layouts/application (141.8ms)
Completed 200 OK in 153ms (Views: 146.3ms | ActiveRecord: 0.5ms)


Started GET "/users/sign_out" for 127.0.0.1 at Sat Apr 30 17:20:06 +0200 2011
  Processing by Devise::SessionsController#destroy as HTML
  [1m[36mUser Load (0.2ms)[0m  [1mSELECT "users".* FROM "users" WHERE "users"."id" = 1 LIMIT 1[0m
Redirected to http://localhost:3000/
Completed 302 Found in 17ms


Started GET "/" for 127.0.0.1 at Sat Apr 30 17:20:06 +0200 2011
  Processing by HomeController#index as HTML
  [1m[35mUser Load (0.4ms)[0m  SELECT "users".* FROM "users"
Rendered home/index.html.erb within layouts/application (64.0ms)
Completed 200 OK in 82ms (Views: 75.5ms | ActiveRecord: 0.4ms)


Started GET "/patients" for 127.0.0.1 at Sat Apr 30 17:20:19 +0200 2011
  Processing by PatientsController#index as HTML
  [1m[36mPatient Load (0.6ms)[0m  [1mSELECT "patients".* FROM "patients"[0m
Rendered patients/index.html.erb within layouts/application (78.2ms)
Completed 200 OK in 90ms (Views: 83.5ms | ActiveRecord: 0.6ms)


Started GET "/patients" for 127.0.0.1 at Sat Apr 30 17:22:21 +0200 2011
  Processing by PatientsController#index as HTML
  [1m[35mPatient Load (0.6ms)[0m  SELECT "patients".* FROM "patients"
Rendered patients/index.html.erb within layouts/application (24.0ms)
Completed 200 OK in 89ms (Views: 29.0ms | ActiveRecord: 0.6ms)


Started GET "/villages" for 127.0.0.1 at Sat Apr 30 17:22:40 +0200 2011
  Processing by VillagesController#index as HTML
  [1m[36mVillage Load (0.5ms)[0m  [1mSELECT "villages".* FROM "villages"[0m
Rendered villages/index.html.erb within layouts/application (18.8ms)
Completed 200 OK in 30ms (Views: 24.8ms | ActiveRecord: 0.5ms)


Started GET "/villages/new" for 127.0.0.1 at Sat Apr 30 17:22:49 +0200 2011
  Processing by VillagesController#new as HTML
Completed   in 5ms


Started GET "/users/sign_in" for 127.0.0.1 at Sat Apr 30 17:22:49 +0200 2011
  Processing by Devise::SessionsController#new as HTML
Rendered devise/shared/_links.erb (1.2ms)
Rendered devise/sessions/new.html.erb within layouts/application (8.6ms)
Completed 200 OK in 29ms (Views: 16.7ms | ActiveRecord: 0.0ms)


Started GET "/users/sign_in" for 127.0.0.1 at Sat Apr 30 17:39:11 +0200 2011
  Processing by Devise::SessionsController#new as HTML
Rendered devise/shared/_links.erb (1.6ms)
Rendered devise/sessions/new.html.erb within layouts/application (24.2ms)
Completed 200 OK in 42ms (Views: 29.6ms | ActiveRecord: 0.0ms)


Started POST "/users/sign_in" for 127.0.0.1 at Sat Apr 30 17:39:43 +0200 2011
  Processing by Devise::SessionsController#create as HTML
  Parameters: {"commit"=>"Sign in", "authenticity_token"=>"G975lPi67gtjgyoeu/gdMPbp0ekEnkGo45427ei2Dww=", "utf8"=>"✓", "user"=>{"remember_me"=>"0", "password"=>"[FILTERED]", "email"=>"admin@pepe"}}
  [1m[36mSQL (0.4ms)[0m  [1m SELECT name
 FROM sqlite_master
 WHERE type = 'table' AND NOT name = 'sqlite_sequence'
[0m
  [1m[35mUser Load (0.2ms)[0m  SELECT "users".* FROM "users" WHERE "users"."email" = 'admin@pepe' LIMIT 1
Completed   in 67ms
  Processing by Devise::SessionsController#new as HTML
  Parameters: {"commit"=>"Sign in", "authenticity_token"=>"G975lPi67gtjgyoeu/gdMPbp0ekEnkGo45427ei2Dww=", "utf8"=>"✓", "user"=>{"remember_me"=>"0", "password"=>"[FILTERED]", "email"=>"admin@pepe"}}
Rendered devise/shared/_links.erb (1.2ms)
Rendered devise/sessions/new.html.erb within layouts/application (7.6ms)
Completed 200 OK in 93ms (Views: 12.9ms | ActiveRecord: 0.6ms)


Started POST "/users/sign_in" for 127.0.0.1 at Sat Apr 30 17:39:55 +0200 2011
  Processing by Devise::SessionsController#create as HTML
  Parameters: {"commit"=>"Sign in", "authenticity_token"=>"G975lPi67gtjgyoeu/gdMPbp0ekEnkGo45427ei2Dww=", "utf8"=>"✓", "user"=>{"remember_me"=>"0", "password"=>"[FILTERED]", "email"=>"admin@pepe"}}
Completed   in 6ms
  Processing by Devise::SessionsController#new as HTML
  Parameters: {"commit"=>"Sign in", "authenticity_token"=>"G975lPi67gtjgyoeu/gdMPbp0ekEnkGo45427ei2Dww=", "utf8"=>"✓", "user"=>{"remember_me"=>"0", "password"=>"[FILTERED]", "email"=>"admin@pepe"}}
Rendered devise/shared/_links.erb (1.3ms)
Rendered devise/sessions/new.html.erb within layouts/application (8.0ms)
Completed 200 OK in 23ms (Views: 13.3ms | ActiveRecord: 0.0ms)


Started POST "/users/sign_in" for 127.0.0.1 at Sat Apr 30 17:40:03 +0200 2011
  Processing by Devise::SessionsController#create as HTML
  Parameters: {"commit"=>"Sign in", "authenticity_token"=>"G975lPi67gtjgyoeu/gdMPbp0ekEnkGo45427ei2Dww=", "utf8"=>"✓", "user"=>{"remember_me"=>"0", "password"=>"[FILTERED]", "email"=>"admin@pepe"}}
Completed   in 5ms
  Processing by Devise::SessionsController#new as HTML
  Parameters: {"commit"=>"Sign in", "authenticity_token"=>"G975lPi67gtjgyoeu/gdMPbp0ekEnkGo45427ei2Dww=", "utf8"=>"✓", "user"=>{"remember_me"=>"0", "password"=>"[FILTERED]", "email"=>"admin@pepe"}}
Rendered devise/shared/_links.erb (1.1ms)
Rendered devise/sessions/new.html.erb within layouts/application (7.4ms)
Completed 200 OK in 22ms (Views: 12.6ms | ActiveRecord: 0.0ms)


Started GET "/users/sign_in" for 127.0.0.1 at Sat Apr 30 17:45:17 +0200 2011
  Processing by Devise::SessionsController#new as HTML
Rendered devise/shared/_links.erb (1.2ms)
Rendered devise/sessions/new.html.erb within layouts/application (10.7ms)
Completed 200 OK in 26ms (Views: 15.9ms | ActiveRecord: 0.0ms)


Started POST "/users/sign_in" for 127.0.0.1 at Sat Apr 30 17:46:27 +0200 2011
  Processing by Devise::SessionsController#create as HTML
  Parameters: {"commit"=>"Sign in", "authenticity_token"=>"G975lPi67gtjgyoeu/gdMPbp0ekEnkGo45427ei2Dww=", "utf8"=>"✓", "user"=>{"remember_me"=>"0", "password"=>"[FILTERED]", "email"=>"admin@gmail.com"}}
  [1m[36mSQL (0.4ms)[0m  [1m SELECT name
 FROM sqlite_master
 WHERE type = 'table' AND NOT name = 'sqlite_sequence'
[0m
  [1m[35mUser Load (0.1ms)[0m  SELECT "users".* FROM "users" WHERE "users"."email" = 'admin@gmail.com' LIMIT 1
Completed   in 30ms
  Processing by Devise::SessionsController#new as HTML
  Parameters: {"commit"=>"Sign in", "authenticity_token"=>"G975lPi67gtjgyoeu/gdMPbp0ekEnkGo45427ei2Dww=", "utf8"=>"✓", "user"=>{"remember_me"=>"0", "password"=>"[FILTERED]", "email"=>"admin@gmail.com"}}
Rendered devise/shared/_links.erb (1.2ms)
Rendered devise/sessions/new.html.erb within layouts/application (7.7ms)
Completed 200 OK in 94ms (Views: 13.2ms | ActiveRecord: 0.6ms)


Started GET "/users/sign_in" for 127.0.0.1 at Sat Apr 30 17:46:43 +0200 2011
  Processing by Devise::SessionsController#new as HTML
Rendered devise/shared/_links.erb (1.2ms)
Rendered devise/sessions/new.html.erb within layouts/application (7.8ms)
Completed 200 OK in 27ms (Views: 13.0ms | ActiveRecord: 0.0ms)


Started GET "/users/sign_up" for 127.0.0.1 at Sat Apr 30 17:46:51 +0200 2011
  Processing by Devise::RegistrationsController#new as HTML
Rendered devise/shared/_links.erb (1.3ms)
Rendered devise/registrations/new.html.erb within layouts/application (62.3ms)
Completed 200 OK in 80ms (Views: 73.8ms | ActiveRecord: 0.0ms)


Started POST "/users" for 127.0.0.1 at Sat Apr 30 17:47:42 +0200 2011
  Processing by Devise::RegistrationsController#create as HTML
  Parameters: {"commit"=>"Sign up", "authenticity_token"=>"G975lPi67gtjgyoeu/gdMPbp0ekEnkGo45427ei2Dww=", "utf8"=>"✓", "user"=>{"name"=>"pepe@gmail.com", "password_confirmation"=>"[FILTERED]", "password"=>"[FILTERED]", "email"=>"admin@gmail.com"}}
  [1m[36mSQL (0.1ms)[0m  [1mSELECT 1 FROM "users" WHERE ("users"."email" = 'admin@gmail.com') LIMIT 1[0m
Rendered devise/shared/_links.erb (1.2ms)
Rendered devise/registrations/new.html.erb within layouts/application (10.0ms)
Completed 200 OK in 178ms (Views: 15.0ms | ActiveRecord: 0.1ms)


Started GET "/users" for 127.0.0.1 at Sat Apr 30 18:00:59 +0200 2011

ActionController::RoutingError (No route matches "/users"):
  

Rendered /Library/Ruby/Gems/1.8/gems/actionpack-3.0.7/lib/action_dispatch/middleware/templates/rescues/routing_error.erb within rescues/layout (0.7ms)


Started GET "/users" for 127.0.0.1 at Sat Apr 30 18:01:20 +0200 2011

ActionController::RoutingError (No route matches "/users"):
  

Rendered /Library/Ruby/Gems/1.8/gems/actionpack-3.0.7/lib/action_dispatch/middleware/templates/rescues/routing_error.erb within rescues/layout (0.6ms)


Started GET "/" for 127.0.0.1 at Sat Apr 30 18:01:25 +0200 2011
  Processing by HomeController#index as HTML
  [1m[36mUser Load (0.6ms)[0m  [1mSELECT "users".* FROM "users"[0m
Rendered home/index.html.erb within layouts/application (15.7ms)
Completed 200 OK in 43ms (Views: 21.3ms | ActiveRecord: 0.6ms)


Started GET "/users/sign_up" for 127.0.0.1 at Sat Apr 30 18:01:33 +0200 2011
  Processing by Devise::RegistrationsController#new as HTML
Rendered devise/shared/_links.erb (1.4ms)
Rendered devise/registrations/new.html.erb within layouts/application (70.4ms)
Completed 200 OK in 82ms (Views: 75.8ms | ActiveRecord: 0.0ms)


Started POST "/users" for 127.0.0.1 at Sat Apr 30 18:02:09 +0200 2011
  Processing by Devise::RegistrationsController#create as HTML
  Parameters: {"commit"=>"Sign up", "authenticity_token"=>"G975lPi67gtjgyoeu/gdMPbp0ekEnkGo45427ei2Dww=", "utf8"=>"✓", "user"=>{"name"=>"Rosa", "password_confirmation"=>"[FILTERED]", "password"=>"[FILTERED]", "email"=>"admin@gmail.com"}}
  [1m[35mSQL (0.1ms)[0m  SELECT 1 FROM "users" WHERE ("users"."email" = 'admin@gmail.com') LIMIT 1
Rendered devise/shared/_links.erb (1.2ms)
Rendered devise/registrations/new.html.erb within layouts/application (10.2ms)
Completed 200 OK in 158ms (Views: 15.2ms | ActiveRecord: 0.1ms)


Started POST "/users" for 127.0.0.1 at Sat Apr 30 18:02:21 +0200 2011
  Processing by Devise::RegistrationsController#create as HTML
  Parameters: {"commit"=>"Sign up", "authenticity_token"=>"G975lPi67gtjgyoeu/gdMPbp0ekEnkGo45427ei2Dww=", "utf8"=>"✓", "user"=>{"name"=>"Rosa", "password_confirmation"=>"[FILTERED]", "password"=>"[FILTERED]", "email"=>"admin@gmail.com"}}
  [1m[36mSQL (0.1ms)[0m  [1mSELECT 1 FROM "users" WHERE ("users"."email" = 'admin@gmail.com') LIMIT 1[0m
Rendered devise/shared/_links.erb (1.2ms)
Rendered devise/registrations/new.html.erb within layouts/application (9.0ms)
Completed 200 OK in 32ms (Views: 13.9ms | ActiveRecord: 0.1ms)


Started POST "/users" for 127.0.0.1 at Sat Apr 30 18:04:17 +0200 2011
  Processing by Devise::RegistrationsController#create as HTML
  Parameters: {"commit"=>"Sign up", "authenticity_token"=>"G975lPi67gtjgyoeu/gdMPbp0ekEnkGo45427ei2Dww=", "utf8"=>"✓", "user"=>{"name"=>"Rosa", "password_confirmation"=>"[FILTERED]", "password"=>"[FILTERED]", "email"=>"admin@gmail.com"}}
  [1m[36mSQL (0.1ms)[0m  [1mSELECT 1 FROM "users" WHERE ("users"."email" = 'admin@gmail.com') LIMIT 1[0m
Rendered devise/shared/_links.erb (1.4ms)
Rendered devise/registrations/new.html.erb within layouts/application (9.9ms)
Completed 200 OK in 56ms (Views: 15.6ms | ActiveRecord: 0.1ms)


Started POST "/users" for 127.0.0.1 at Sat Apr 30 18:04:48 +0200 2011
  Processing by Devise::RegistrationsController#create as HTML
  Parameters: {"commit"=>"Sign up", "authenticity_token"=>"G975lPi67gtjgyoeu/gdMPbp0ekEnkGo45427ei2Dww=", "utf8"=>"✓", "user"=>{"name"=>"Rosa", "password_confirmation"=>"[FILTERED]", "password"=>"[FILTERED]", "email"=>"admin@gmail.com"}}
  [1m[35mSQL (0.1ms)[0m  SELECT 1 FROM "users" WHERE ("users"."email" = 'admin@gmail.com') LIMIT 1
Rendered devise/shared/_links.erb (1.2ms)
Rendered devise/registrations/new.html.erb within layouts/application (9.7ms)
Completed 200 OK in 105ms (Views: 14.9ms | ActiveRecord: 0.1ms)
  [1m[36mSQL (0.5ms)[0m  [1m SELECT name
 FROM sqlite_master
 WHERE type = 'table' AND NOT name = 'sqlite_sequence'
[0m
  [1m[35mSQL (0.1ms)[0m   SELECT name
 FROM sqlite_master
 WHERE type = 'table' AND NOT name = 'sqlite_sequence'
  [1m[36mSQL (0.1ms)[0m  [1mSELECT "schema_migrations"."version" FROM "schema_migrations"[0m
Migrating to CreatePatients (20110428094052)
Migrating to CreateCommunes (20110428094140)
Migrating to CreateVillages (20110428094213)
Migrating to DeviseCreateUsers (20110429173045)
Migrating to AddNameToUsers (20110429173047)
Migrating to AddUsernameToUsers (20110430161729)
  [1m[35mSQL (0.0ms)[0m  select sqlite_version(*)
  [1m[36mSQL (0.4ms)[0m  [1mALTER TABLE "users" ADD "username" varchar(255)[0m
  [1m[35mSQL (0.1ms)[0m  INSERT INTO "schema_migrations" ("version") VALUES ('20110430161729')
  [1m[36mSQL (0.2ms)[0m  [1m SELECT name
 FROM sqlite_master
 WHERE type = 'table' AND NOT name = 'sqlite_sequence'
[0m
  [1m[35mSQL (0.1ms)[0m  SELECT "schema_migrations"."version" FROM "schema_migrations"
  [1m[36mSQL (0.1ms)[0m  [1m SELECT name
 FROM sqlite_master
 WHERE type = 'table' AND NOT name = 'sqlite_sequence'
[0m
  [1m[35mSQL (0.0ms)[0m  PRAGMA index_list("communes")
  [1m[36mSQL (0.0ms)[0m  [1mPRAGMA index_list("patients")[0m
  [1m[35mSQL (0.1ms)[0m  PRAGMA index_list("users")
  [1m[36mSQL (0.0ms)[0m  [1mPRAGMA index_info('index_users_on_reset_password_token')[0m
  [1m[35mSQL (0.0ms)[0m  PRAGMA index_info('index_users_on_email')
  [1m[36mSQL (0.0ms)[0m  [1mPRAGMA index_list("villages")[0m
  [1m[36mUser Load (0.6ms)[0m  [1mSELECT "users".* FROM "users" LIMIT 1[0m
  [1m[35mSQL (0.2ms)[0m   SELECT name
 FROM sqlite_master
 WHERE type = 'table' AND NOT name = 'sqlite_sequence'
  [1m[36mAREL (0.3ms)[0m  [1mUPDATE "users" SET "updated_at" = '2011-04-30 16:53:51.186207', "username" = 'firstuser' WHERE "users"."id" = 1[0m
